{"/home/travis/build/npmtest/node-npmtest-dagre/test.js":{"path":"/home/travis/build/npmtest/node-npmtest-dagre/test.js","s":{"1":2,"2":2,"3":2,"4":2,"5":2,"6":2,"7":2,"8":1,"9":2,"10":2,"11":1,"12":1,"13":1,"14":1,"15":2,"16":2,"17":2,"18":2,"19":1,"20":1,"21":2,"22":2,"23":2,"24":1,"25":1,"26":1,"27":1,"28":1,"29":1,"30":1,"31":1,"32":1,"33":1,"34":1,"35":1,"36":1,"37":1,"38":1,"39":2,"40":2,"41":1,"42":2,"43":2,"44":1,"45":2,"46":2,"47":1,"48":2,"49":2,"50":1,"51":1,"52":1,"53":1,"54":1},"b":{"1":[2,1,1,1],"2":[1,1,1,1],"3":[1,1],"4":[1,1],"5":[1,1],"6":[1,1],"7":[1,1],"8":[1,1],"9":[1,1],"10":[1,1,1],"11":[1,1],"12":[1,1],"13":[1,1],"14":[1,1],"15":[1,1],"16":[1,1],"17":[1,1]},"f":{"1":2,"2":2,"3":2,"4":2,"5":2,"6":1,"7":1,"8":1,"9":2,"10":2,"11":2,"12":2,"13":1},"fnMap":{"1":{"name":"(anonymous_1)","line":12,"loc":{"start":{"line":12,"column":1},"end":{"line":12,"column":13}}},"2":{"name":"(anonymous_2)","line":19,"loc":{"start":{"line":19,"column":5},"end":{"line":19,"column":17}}},"3":{"name":"(anonymous_3)","line":23,"loc":{"start":{"line":23,"column":24},"end":{"line":23,"column":36}}},"4":{"name":"(anonymous_4)","line":61,"loc":{"start":{"line":61,"column":5},"end":{"line":61,"column":17}}},"5":{"name":"(anonymous_5)","line":82,"loc":{"start":{"line":82,"column":5},"end":{"line":82,"column":17}}},"6":{"name":"(anonymous_6)","line":91,"loc":{"start":{"line":91,"column":77},"end":{"line":94,"column":10}}},"7":{"name":"(anonymous_7)","line":112,"loc":{"start":{"line":112,"column":83},"end":{"line":115,"column":10}},"skip":true},"8":{"name":"(anonymous_8)","line":123,"loc":{"start":{"line":123,"column":77},"end":{"line":126,"column":10}},"skip":true},"9":{"name":"(anonymous_9)","line":139,"loc":{"start":{"line":139,"column":12},"end":{"line":139,"column":40}},"skip":true},"10":{"name":"(anonymous_10)","line":147,"loc":{"start":{"line":147,"column":77},"end":{"line":150,"column":10}},"skip":true},"11":{"name":"(anonymous_11)","line":158,"loc":{"start":{"line":158,"column":83},"end":{"line":161,"column":10}},"skip":true},"12":{"name":"(anonymous_12)","line":169,"loc":{"start":{"line":169,"column":79},"end":{"line":172,"column":10}},"skip":true},"13":{"name":"(anonymous_13)","line":180,"loc":{"start":{"line":180,"column":75},"end":{"line":183,"column":10}},"skip":true}},"statementMap":{"1":{"start":{"line":12,"column":0},"end":{"line":195,"column":5}},"2":{"start":{"line":14,"column":4},"end":{"line":14,"column":14}},"3":{"start":{"line":19,"column":4},"end":{"line":56,"column":9}},"4":{"start":{"line":21,"column":8},"end":{"line":21,"column":19}},"5":{"start":{"line":23,"column":8},"end":{"line":35,"column":13}},"6":{"start":{"line":24,"column":12},"end":{"line":34,"column":13}},"7":{"start":{"line":25,"column":16},"end":{"line":28,"column":30}},"8":{"start":{"line":30,"column":16},"end":{"line":33,"column":27}},"9":{"start":{"line":37,"column":8},"end":{"line":39,"column":21}},"10":{"start":{"line":40,"column":8},"end":{"line":53,"column":9}},"11":{"start":{"line":43,"column":12},"end":{"line":46,"column":14}},"12":{"start":{"line":47,"column":12},"end":{"line":47,"column":18}},"13":{"start":{"line":50,"column":12},"end":{"line":51,"column":33}},"14":{"start":{"line":52,"column":12},"end":{"line":52,"column":18}},"15":{"start":{"line":55,"column":8},"end":{"line":55,"column":35}},"16":{"start":{"line":61,"column":4},"end":{"line":63,"column":9}},"17":{"start":{"line":62,"column":8},"end":{"line":62,"column":15}},"18":{"start":{"line":64,"column":4},"end":{"line":77,"column":5}},"19":{"start":{"line":70,"column":8},"end":{"line":70,"column":14}},"20":{"start":{"line":76,"column":8},"end":{"line":76,"column":14}},"21":{"start":{"line":82,"column":4},"end":{"line":84,"column":9}},"22":{"start":{"line":83,"column":8},"end":{"line":83,"column":15}},"23":{"start":{"line":85,"column":4},"end":{"line":194,"column":5}},"24":{"start":{"line":91,"column":8},"end":{"line":99,"column":10}},"25":{"start":{"line":98,"column":12},"end":{"line":98,"column":35}},"26":{"start":{"line":102,"column":8},"end":{"line":104,"column":63}},"27":{"start":{"line":105,"column":8},"end":{"line":105,"column":14}},"28":{"start":{"line":112,"column":8},"end":{"line":121,"column":10},"skip":true},"29":{"start":{"line":119,"column":12},"end":{"line":119,"column":55},"skip":true},"30":{"start":{"line":120,"column":12},"end":{"line":120,"column":48},"skip":true},"31":{"start":{"line":123,"column":8},"end":{"line":136,"column":10},"skip":true},"32":{"start":{"line":130,"column":12},"end":{"line":130,"column":76},"skip":true},"33":{"start":{"line":131,"column":12},"end":{"line":131,"column":73},"skip":true},"34":{"start":{"line":132,"column":12},"end":{"line":132,"column":74},"skip":true},"35":{"start":{"line":133,"column":12},"end":{"line":133,"column":79},"skip":true},"36":{"start":{"line":134,"column":12},"end":{"line":134,"column":25},"skip":true},"37":{"start":{"line":135,"column":12},"end":{"line":135,"column":45},"skip":true},"38":{"start":{"line":138,"column":8},"end":{"line":145,"column":14},"skip":true},"39":{"start":{"line":143,"column":16},"end":{"line":143,"column":29},"skip":true},"40":{"start":{"line":144,"column":16},"end":{"line":144,"column":55},"skip":true},"41":{"start":{"line":147,"column":8},"end":{"line":156,"column":10},"skip":true},"42":{"start":{"line":154,"column":12},"end":{"line":154,"column":25},"skip":true},"43":{"start":{"line":155,"column":12},"end":{"line":155,"column":45},"skip":true},"44":{"start":{"line":158,"column":8},"end":{"line":167,"column":10},"skip":true},"45":{"start":{"line":165,"column":12},"end":{"line":165,"column":25},"skip":true},"46":{"start":{"line":166,"column":12},"end":{"line":166,"column":48},"skip":true},"47":{"start":{"line":169,"column":8},"end":{"line":178,"column":10},"skip":true},"48":{"start":{"line":176,"column":12},"end":{"line":176,"column":25},"skip":true},"49":{"start":{"line":177,"column":12},"end":{"line":177,"column":46},"skip":true},"50":{"start":{"line":180,"column":8},"end":{"line":189,"column":10},"skip":true},"51":{"start":{"line":187,"column":12},"end":{"line":187,"column":94},"skip":true},"52":{"start":{"line":188,"column":12},"end":{"line":188,"column":48},"skip":true},"53":{"start":{"line":192,"column":8},"end":{"line":192,"column":35},"skip":true},"54":{"start":{"line":193,"column":8},"end":{"line":193,"column":14},"skip":true}},"branchMap":{"1":{"line":25,"type":"binary-expr","locations":[{"start":{"line":25,"column":23},"end":{"line":25,"column":62}},{"start":{"line":26,"column":20},"end":{"line":26,"column":70}},{"start":{"line":27,"column":20},"end":{"line":27,"column":71}},{"start":{"line":28,"column":20},"end":{"line":28,"column":29}}]},"2":{"line":30,"type":"binary-expr","locations":[{"start":{"line":30,"column":23},"end":{"line":30,"column":37}},{"start":{"line":31,"column":20},"end":{"line":31,"column":61}},{"start":{"line":32,"column":20},"end":{"line":32,"column":70}},{"start":{"line":33,"column":20},"end":{"line":33,"column":26}}]},"3":{"line":37,"type":"cond-expr","locations":[{"start":{"line":38,"column":14},"end":{"line":38,"column":20}},{"start":{"line":39,"column":14},"end":{"line":39,"column":20}}]},"4":{"line":40,"type":"switch","locations":[{"start":{"line":42,"column":8},"end":{"line":47,"column":18}},{"start":{"line":49,"column":8},"end":{"line":52,"column":18}}]},"5":{"line":44,"type":"binary-expr","locations":[{"start":{"line":44,"column":16},"end":{"line":44,"column":44}},{"start":{"line":44,"column":48},"end":{"line":44,"column":66}}]},"6":{"line":50,"type":"binary-expr","locations":[{"start":{"line":50,"column":21},"end":{"line":50,"column":49}},{"start":{"line":50,"column":53},"end":{"line":50,"column":72}}]},"7":{"line":64,"type":"switch","locations":[{"start":{"line":69,"column":4},"end":{"line":70,"column":14}},{"start":{"line":75,"column":4},"end":{"line":76,"column":14}}]},"8":{"line":85,"type":"switch","locations":[{"start":{"line":90,"column":4},"end":{"line":105,"column":14}},{"start":{"line":111,"column":4},"end":{"line":193,"column":14},"skip":true}]},"9":{"line":91,"type":"binary-expr","locations":[{"start":{"line":91,"column":42},"end":{"line":91,"column":73}},{"start":{"line":91,"column":77},"end":{"line":99,"column":9}}]},"10":{"line":102,"type":"binary-expr","locations":[{"start":{"line":102,"column":18},"end":{"line":102,"column":32}},{"start":{"line":103,"column":12},"end":{"line":103,"column":53}},{"start":{"line":104,"column":12},"end":{"line":104,"column":61}}]},"11":{"line":112,"type":"binary-expr","locations":[{"start":{"line":112,"column":45},"end":{"line":112,"column":79},"skip":true},{"start":{"line":112,"column":83},"end":{"line":121,"column":9},"skip":true}]},"12":{"line":123,"type":"binary-expr","locations":[{"start":{"line":123,"column":42},"end":{"line":123,"column":73},"skip":true},{"start":{"line":123,"column":77},"end":{"line":136,"column":9},"skip":true}]},"13":{"line":138,"type":"binary-expr","locations":[{"start":{"line":138,"column":48},"end":{"line":138,"column":85},"skip":true},{"start":{"line":139,"column":12},"end":{"line":145,"column":13},"skip":true}]},"14":{"line":147,"type":"binary-expr","locations":[{"start":{"line":147,"column":42},"end":{"line":147,"column":73},"skip":true},{"start":{"line":147,"column":77},"end":{"line":156,"column":9},"skip":true}]},"15":{"line":158,"type":"binary-expr","locations":[{"start":{"line":158,"column":45},"end":{"line":158,"column":79},"skip":true},{"start":{"line":158,"column":83},"end":{"line":167,"column":9},"skip":true}]},"16":{"line":169,"type":"binary-expr","locations":[{"start":{"line":169,"column":43},"end":{"line":169,"column":75},"skip":true},{"start":{"line":169,"column":79},"end":{"line":178,"column":9},"skip":true}]},"17":{"line":180,"type":"binary-expr","locations":[{"start":{"line":180,"column":41},"end":{"line":180,"column":71},"skip":true},{"start":{"line":180,"column":75},"end":{"line":189,"column":9},"skip":true}]}},"code":["/* istanbul instrument in package npmtest_dagre */","/*jslint","    bitwise: true,","    browser: true,","    maxerr: 8,","    maxlen: 96,","    node: true,","    nomen: true,","    regexp: true,","    stupid: true","*/","(function () {","    'use strict';","    var local;","","","","    // run shared js-env code - pre-init","    (function () {","        // init local","        local = {};","        // init modeJs","        local.modeJs = (function () {","            try {","                return typeof navigator.userAgent === 'string' &&","                    typeof document.querySelector('body') === 'object' &&","                    typeof XMLHttpRequest.prototype.open === 'function' &&","                    'browser';","            } catch (errorCaughtBrowser) {","                return module.exports &&","                    typeof process.versions.node === 'string' &&","                    typeof require('http').createServer === 'function' &&","                    'node';","            }","        }());","        // init global","        local.global = local.modeJs === 'browser'","            ? window","            : global;","        switch (local.modeJs) {","        // re-init local from window.local","        case 'browser':","            local = local.global.utility2.objectSetDefault(","                local.global.utility2_rollup || local.global.local,","                local.global.utility2","            );","            break;","        // re-init local from example.js","        case 'node':","            local = (local.global.utility2_rollup || require('utility2'))","                .requireReadme();","            break;","        }","        // export local","        local.global.local = local;","    }());","","","","    // run shared js-env code - function","    (function () {","        return;","    }());","    switch (local.modeJs) {","","","","    // run browser js-env code - function","    case 'browser':","        break;","","","","    // run node js-env code - function","    case 'node':","        break;","    }","","","","    // run shared js-env code - post-init","    (function () {","        return;","    }());","    switch (local.modeJs) {","","","","    // run browser js-env code - post-init","    case 'browser':","        local.testCase_browser_nullCase = local.testCase_browser_nullCase || function (","            options,","            onError","        ) {","        /*","         * this function will test browsers's null-case handling-behavior-behavior","         */","            onError(null, options);","        };","","        // run tests","        local.nop(local.modeTest &&","            document.querySelector('#testRunButton1') &&","            document.querySelector('#testRunButton1').click());","        break;","","","","    // run node js-env code - post-init","    /* istanbul ignore next */","    case 'node':","        local.testCase_buildApidoc_default = local.testCase_buildApidoc_default || function (","            options,","            onError","        ) {","        /*","         * this function will test buildApidoc's default handling-behavior-behavior","         */","            options = { modulePathList: module.paths };","            local.buildApidoc(options, onError);","        };","","        local.testCase_buildApp_default = local.testCase_buildApp_default || function (","            options,","            onError","        ) {","        /*","         * this function will test buildApp's default handling-behavior-behavior","         */","            local.testCase_buildReadme_default(options, local.onErrorThrow);","            local.testCase_buildLib_default(options, local.onErrorThrow);","            local.testCase_buildTest_default(options, local.onErrorThrow);","            local.testCase_buildCustomOrg_default(options, local.onErrorThrow);","            options = [];","            local.buildApp(options, onError);","        };","","        local.testCase_buildCustomOrg_default = local.testCase_buildCustomOrg_default ||","            function (options, onError) {","            /*","             * this function will test buildCustomOrg's default handling-behavior","             */","                options = {};","                local.buildCustomOrg(options, onError);","            };","","        local.testCase_buildLib_default = local.testCase_buildLib_default || function (","            options,","            onError","        ) {","        /*","         * this function will test buildLib's default handling-behavior","         */","            options = {};","            local.buildLib(options, onError);","        };","","        local.testCase_buildReadme_default = local.testCase_buildReadme_default || function (","            options,","            onError","        ) {","        /*","         * this function will test buildReadme's default handling-behavior-behavior","         */","            options = {};","            local.buildReadme(options, onError);","        };","","        local.testCase_buildTest_default = local.testCase_buildTest_default || function (","            options,","            onError","        ) {","        /*","         * this function will test buildTest's default handling-behavior","         */","            options = {};","            local.buildTest(options, onError);","        };","","        local.testCase_webpage_default = local.testCase_webpage_default || function (","            options,","            onError","        ) {","        /*","         * this function will test webpage's default handling-behavior","         */","            options = { modeCoverageMerge: true, url: local.serverLocalHost + '?modeTest=1' };","            local.browserTest(options, onError);","        };","","        // run test-server","        local.testRunServer(local);","        break;","    }","}());",""],"l":{"12":2,"14":2,"19":2,"21":2,"23":2,"24":2,"25":2,"30":1,"37":2,"40":2,"43":1,"47":1,"50":1,"52":1,"55":2,"61":2,"62":2,"64":2,"70":1,"76":1,"82":2,"83":2,"85":2,"91":1,"98":1,"102":1,"105":1,"112":1,"119":1,"120":1,"123":1,"130":1,"131":1,"132":1,"133":1,"134":1,"135":1,"138":1,"143":2,"144":2,"147":1,"154":2,"155":2,"158":1,"165":2,"166":2,"169":1,"176":2,"177":2,"180":1,"187":1,"188":1,"192":1,"193":1}},"/home/travis/build/npmtest/node-npmtest-dagre/lib.npmtest_dagre.js":{"path":"/home/travis/build/npmtest/node-npmtest-dagre/lib.npmtest_dagre.js","s":{"1":2,"2":2,"3":2,"4":2,"5":2,"6":2,"7":2,"8":1,"9":2,"10":2,"11":2,"12":2,"13":1,"14":1,"15":1,"16":1},"b":{"1":[2,1,1,1],"2":[1,1,1,1],"3":[1,1],"4":[2,2],"5":[1,1]},"f":{"1":2,"2":2,"3":2},"fnMap":{"1":{"name":"(anonymous_1)","line":12,"loc":{"start":{"line":12,"column":1},"end":{"line":12,"column":13}}},"2":{"name":"(anonymous_2)","line":19,"loc":{"start":{"line":19,"column":5},"end":{"line":19,"column":17}}},"3":{"name":"(anonymous_3)","line":23,"loc":{"start":{"line":23,"column":24},"end":{"line":23,"column":36}}}},"statementMap":{"1":{"start":{"line":12,"column":0},"end":{"line":53,"column":5}},"2":{"start":{"line":14,"column":4},"end":{"line":14,"column":14}},"3":{"start":{"line":19,"column":4},"end":{"line":52,"column":9}},"4":{"start":{"line":21,"column":8},"end":{"line":21,"column":19}},"5":{"start":{"line":23,"column":8},"end":{"line":35,"column":13}},"6":{"start":{"line":24,"column":12},"end":{"line":34,"column":13}},"7":{"start":{"line":25,"column":16},"end":{"line":28,"column":30}},"8":{"start":{"line":30,"column":16},"end":{"line":33,"column":27}},"9":{"start":{"line":37,"column":8},"end":{"line":39,"column":21}},"10":{"start":{"line":41,"column":8},"end":{"line":41,"column":54}},"11":{"start":{"line":43,"column":8},"end":{"line":43,"column":50}},"12":{"start":{"line":45,"column":8},"end":{"line":51,"column":9}},"13":{"start":{"line":46,"column":12},"end":{"line":46,"column":56}},"14":{"start":{"line":48,"column":12},"end":{"line":48,"column":35}},"15":{"start":{"line":49,"column":12},"end":{"line":49,"column":49}},"16":{"start":{"line":50,"column":12},"end":{"line":50,"column":43}}},"branchMap":{"1":{"line":25,"type":"binary-expr","locations":[{"start":{"line":25,"column":23},"end":{"line":25,"column":62}},{"start":{"line":26,"column":20},"end":{"line":26,"column":70}},{"start":{"line":27,"column":20},"end":{"line":27,"column":71}},{"start":{"line":28,"column":20},"end":{"line":28,"column":29}}]},"2":{"line":30,"type":"binary-expr","locations":[{"start":{"line":30,"column":23},"end":{"line":30,"column":37}},{"start":{"line":31,"column":20},"end":{"line":31,"column":61}},{"start":{"line":32,"column":20},"end":{"line":32,"column":70}},{"start":{"line":33,"column":20},"end":{"line":33,"column":26}}]},"3":{"line":37,"type":"cond-expr","locations":[{"start":{"line":38,"column":14},"end":{"line":38,"column":20}},{"start":{"line":39,"column":14},"end":{"line":39,"column":20}}]},"4":{"line":41,"type":"binary-expr","locations":[{"start":{"line":41,"column":16},"end":{"line":41,"column":44}},{"start":{"line":41,"column":48},"end":{"line":41,"column":53}}]},"5":{"line":45,"type":"if","locations":[{"start":{"line":45,"column":8},"end":{"line":45,"column":8}},{"start":{"line":45,"column":8},"end":{"line":45,"column":8}}]}},"code":["/* istanbul instrument in package npmtest_dagre */","/*jslint","    bitwise: true,","    browser: true,","    maxerr: 8,","    maxlen: 96,","    node: true,","    nomen: true,","    regexp: true,","    stupid: true","*/","(function () {","    'use strict';","    var local;","","","","    // run shared js-env code - pre-init","    (function () {","        // init local","        local = {};","        // init modeJs","        local.modeJs = (function () {","            try {","                return typeof navigator.userAgent === 'string' &&","                    typeof document.querySelector('body') === 'object' &&","                    typeof XMLHttpRequest.prototype.open === 'function' &&","                    'browser';","            } catch (errorCaughtBrowser) {","                return module.exports &&","                    typeof process.versions.node === 'string' &&","                    typeof require('http').createServer === 'function' &&","                    'node';","            }","        }());","        // init global","        local.global = local.modeJs === 'browser'","            ? window","            : global;","        // init utility2_rollup","        local = local.global.utility2_rollup || local;","        // init lib","        local.local = local.npmtest_dagre = local;","        // init exports","        if (local.modeJs === 'browser') {","            local.global.utility2_npmtest_dagre = local;","        } else {","            module.exports = local;","            module.exports.__dirname = __dirname;","            module.exports.module = module;","        }","    }());","}());",""],"l":{"12":2,"14":2,"19":2,"21":2,"23":2,"24":2,"25":2,"30":1,"37":2,"41":2,"43":2,"45":2,"46":1,"48":1,"49":1,"50":1}},"/home/travis/build/npmtest/node-npmtest-dagre/example.js":{"path":"/home/travis/build/npmtest/node-npmtest-dagre/example.js","s":{"1":2,"2":2,"3":2,"4":2,"5":2,"6":2,"7":2,"8":1,"9":2,"10":2,"11":2,"12":2,"13":1,"14":2,"15":2,"16":2,"17":2,"18":2,"19":0,"20":2,"21":1,"22":1,"23":1,"24":1,"25":1,"26":0,"27":0,"28":1,"29":1,"30":2,"31":0,"32":0,"33":0,"34":1,"35":2,"36":2,"37":3,"38":3,"39":3,"40":3,"41":0,"42":3,"43":3,"44":3,"45":1,"46":3,"47":1,"48":1,"49":1,"50":1,"51":1,"52":1,"53":1,"54":1,"55":1,"56":1,"57":0,"58":1,"59":6,"60":6,"61":1,"62":2,"63":0,"64":2,"65":1,"66":1,"67":0,"68":0,"69":0,"70":0,"71":0,"72":0,"73":0,"74":0,"75":0,"76":0,"77":0,"78":0,"79":0,"80":0,"81":0,"82":0,"83":0},"b":{"1":[2,1,1,1],"2":[1,1,1,1],"3":[1,1],"4":[2,2],"5":[1,1],"6":[1,1],"7":[2,0],"8":[2,1,1,1,1,1],"9":[0,2,0],"10":[1,1],"11":[2,1,1],"12":[1,0],"13":[0,2],"14":[2,0,0,0,0,0,0],"15":[0,3],"16":[3,0],"17":[1,1],"18":[0,1],"19":[1,2,0,2],"20":[1,0],"21":[1,1],"22":[0,0],"23":[0,0],"24":[0,0],"25":[0,0],"26":[0,0],"27":[0,0],"28":[0,0]},"f":{"1":2,"2":2,"3":2,"4":2,"5":2,"6":2,"7":3,"8":3,"9":3,"10":1,"11":6,"12":0},"fnMap":{"1":{"name":"(anonymous_1)","line":26,"loc":{"start":{"line":26,"column":1},"end":{"line":26,"column":13}}},"2":{"name":"(anonymous_2)","line":33,"loc":{"start":{"line":33,"column":5},"end":{"line":33,"column":17}}},"3":{"name":"(anonymous_3)","line":37,"loc":{"start":{"line":37,"column":24},"end":{"line":37,"column":36}}},"4":{"name":"(anonymous_4)","line":69,"loc":{"start":{"line":69,"column":31},"end":{"line":69,"column":48}},"skip":true},"5":{"name":"(anonymous_5)","line":78,"loc":{"start":{"line":78,"column":26},"end":{"line":78,"column":45}},"skip":true},"6":{"name":"(anonymous_6)","line":123,"loc":{"start":{"line":123,"column":33},"end":{"line":123,"column":48}},"skip":true},"7":{"name":"(anonymous_7)","line":125,"loc":{"start":{"line":125,"column":27},"end":{"line":125,"column":39}},"skip":true},"8":{"name":"(anonymous_8)","line":133,"loc":{"start":{"line":133,"column":59},"end":{"line":133,"column":74}},"skip":true},"9":{"name":"(anonymous_9)","line":143,"loc":{"start":{"line":143,"column":45},"end":{"line":143,"column":62}},"skip":true},"10":{"name":"(anonymous_10)","line":144,"loc":{"start":{"line":144,"column":73},"end":{"line":144,"column":92}},"skip":true},"11":{"name":"(anonymous_11)","line":272,"loc":{"start":{"line":272,"column":51},"end":{"line":272,"column":77}},"skip":true},"12":{"name":"(anonymous_12)","line":315,"loc":{"start":{"line":315,"column":32},"end":{"line":315,"column":61}},"skip":true}},"statementMap":{"1":{"start":{"line":26,"column":0},"end":{"line":326,"column":5}},"2":{"start":{"line":28,"column":4},"end":{"line":28,"column":14}},"3":{"start":{"line":33,"column":4},"end":{"line":60,"column":9}},"4":{"start":{"line":35,"column":8},"end":{"line":35,"column":19}},"5":{"start":{"line":37,"column":8},"end":{"line":49,"column":13}},"6":{"start":{"line":38,"column":12},"end":{"line":48,"column":13}},"7":{"start":{"line":39,"column":16},"end":{"line":42,"column":30}},"8":{"start":{"line":44,"column":16},"end":{"line":47,"column":27}},"9":{"start":{"line":51,"column":8},"end":{"line":53,"column":21}},"10":{"start":{"line":55,"column":8},"end":{"line":57,"column":45}},"11":{"start":{"line":59,"column":8},"end":{"line":59,"column":35}},"12":{"start":{"line":61,"column":4},"end":{"line":325,"column":5}},"13":{"start":{"line":69,"column":8},"end":{"line":121,"column":10},"skip":true},"14":{"start":{"line":70,"column":12},"end":{"line":88,"column":13},"skip":true},"15":{"start":{"line":76,"column":16},"end":{"line":87,"column":19},"skip":true},"16":{"start":{"line":79,"column":20},"end":{"line":86,"column":21},"skip":true},"17":{"start":{"line":82,"column":24},"end":{"line":82,"column":43},"skip":true},"18":{"start":{"line":83,"column":24},"end":{"line":83,"column":30},"skip":true},"19":{"start":{"line":85,"column":24},"end":{"line":85,"column":49},"skip":true},"20":{"start":{"line":89,"column":12},"end":{"line":107,"column":13},"skip":true},"21":{"start":{"line":92,"column":16},"end":{"line":102,"column":17},"skip":true},"22":{"start":{"line":93,"column":20},"end":{"line":93,"column":86},"skip":true},"23":{"start":{"line":94,"column":20},"end":{"line":95,"column":45},"skip":true},"24":{"start":{"line":96,"column":20},"end":{"line":96,"column":42},"skip":true},"25":{"start":{"line":97,"column":20},"end":{"line":97,"column":48},"skip":true},"26":{"start":{"line":100,"column":20},"end":{"line":100,"column":85},"skip":true},"27":{"start":{"line":101,"column":20},"end":{"line":101,"column":96},"skip":true},"28":{"start":{"line":103,"column":16},"end":{"line":103,"column":22},"skip":true},"29":{"start":{"line":106,"column":16},"end":{"line":106,"column":22},"skip":true},"30":{"start":{"line":108,"column":12},"end":{"line":120,"column":13},"skip":true},"31":{"start":{"line":114,"column":16},"end":{"line":119,"column":17},"skip":true},"32":{"start":{"line":116,"column":20},"end":{"line":116,"column":78},"skip":true},"33":{"start":{"line":118,"column":20},"end":{"line":118,"column":47},"skip":true},"34":{"start":{"line":123,"column":8},"end":{"line":141,"column":11},"skip":true},"35":{"start":{"line":124,"column":12},"end":{"line":124,"column":54},"skip":true},"36":{"start":{"line":125,"column":12},"end":{"line":140,"column":14},"skip":true},"37":{"start":{"line":126,"column":16},"end":{"line":126,"column":28},"skip":true},"38":{"start":{"line":127,"column":16},"end":{"line":127,"column":69},"skip":true},"39":{"start":{"line":128,"column":16},"end":{"line":128,"column":75},"skip":true},"40":{"start":{"line":129,"column":16},"end":{"line":131,"column":17},"skip":true},"41":{"start":{"line":130,"column":20},"end":{"line":130,"column":27},"skip":true},"42":{"start":{"line":133,"column":16},"end":{"line":137,"column":36},"skip":true},"43":{"start":{"line":134,"column":20},"end":{"line":136,"column":55},"skip":true},"44":{"start":{"line":139,"column":16},"end":{"line":139,"column":57},"skip":true},"45":{"start":{"line":143,"column":8},"end":{"line":147,"column":11},"skip":true},"46":{"start":{"line":144,"column":12},"end":{"line":146,"column":15},"skip":true},"47":{"start":{"line":145,"column":16},"end":{"line":145,"column":70},"skip":true},"48":{"start":{"line":149,"column":8},"end":{"line":149,"column":31},"skip":true},"49":{"start":{"line":150,"column":8},"end":{"line":150,"column":14},"skip":true},"50":{"start":{"line":158,"column":8},"end":{"line":158,"column":31},"skip":true},"51":{"start":{"line":160,"column":8},"end":{"line":160,"column":33},"skip":true},"52":{"start":{"line":161,"column":8},"end":{"line":161,"column":37},"skip":true},"53":{"start":{"line":162,"column":8},"end":{"line":162,"column":35},"skip":true},"54":{"start":{"line":164,"column":8},"end":{"line":164,"column":50},"skip":true},"55":{"start":{"line":166,"column":8},"end":{"line":256,"column":2},"skip":true},"56":{"start":{"line":258,"column":8},"end":{"line":286,"column":9},"skip":true},"57":{"start":{"line":259,"column":12},"end":{"line":269,"column":14},"skip":true},"58":{"start":{"line":271,"column":12},"end":{"line":285,"column":19},"skip":true},"59":{"start":{"line":274,"column":20},"end":{"line":274,"column":35},"skip":true},"60":{"start":{"line":275,"column":20},"end":{"line":284,"column":21},"skip":true},"61":{"start":{"line":277,"column":24},"end":{"line":277,"column":64},"skip":true},"62":{"start":{"line":279,"column":24},"end":{"line":279,"column":40},"skip":true},"63":{"start":{"line":281,"column":24},"end":{"line":281,"column":40},"skip":true},"64":{"start":{"line":283,"column":24},"end":{"line":283,"column":39},"skip":true},"65":{"start":{"line":288,"column":8},"end":{"line":290,"column":9},"skip":true},"66":{"start":{"line":289,"column":12},"end":{"line":289,"column":18},"skip":true},"67":{"start":{"line":291,"column":8},"end":{"line":293,"column":54},"skip":true},"68":{"start":{"line":296,"column":8},"end":{"line":301,"column":37},"skip":true},"69":{"start":{"line":303,"column":8},"end":{"line":303,"column":82},"skip":true},"70":{"start":{"line":306,"column":8},"end":{"line":308,"column":9},"skip":true},"71":{"start":{"line":307,"column":12},"end":{"line":307,"column":82},"skip":true},"72":{"start":{"line":310,"column":8},"end":{"line":312,"column":9},"skip":true},"73":{"start":{"line":311,"column":12},"end":{"line":311,"column":18},"skip":true},"74":{"start":{"line":313,"column":8},"end":{"line":313,"column":54},"skip":true},"75":{"start":{"line":314,"column":8},"end":{"line":314,"column":69},"skip":true},"76":{"start":{"line":315,"column":8},"end":{"line":323,"column":36},"skip":true},"77":{"start":{"line":316,"column":12},"end":{"line":316,"column":61},"skip":true},"78":{"start":{"line":317,"column":12},"end":{"line":320,"column":13},"skip":true},"79":{"start":{"line":318,"column":16},"end":{"line":318,"column":75},"skip":true},"80":{"start":{"line":319,"column":16},"end":{"line":319,"column":23},"skip":true},"81":{"start":{"line":321,"column":12},"end":{"line":321,"column":38},"skip":true},"82":{"start":{"line":322,"column":12},"end":{"line":322,"column":27},"skip":true},"83":{"start":{"line":324,"column":8},"end":{"line":324,"column":14},"skip":true}},"branchMap":{"1":{"line":39,"type":"binary-expr","locations":[{"start":{"line":39,"column":23},"end":{"line":39,"column":62}},{"start":{"line":40,"column":20},"end":{"line":40,"column":70}},{"start":{"line":41,"column":20},"end":{"line":41,"column":71}},{"start":{"line":42,"column":20},"end":{"line":42,"column":29}}]},"2":{"line":44,"type":"binary-expr","locations":[{"start":{"line":44,"column":23},"end":{"line":44,"column":37}},{"start":{"line":45,"column":20},"end":{"line":45,"column":61}},{"start":{"line":46,"column":20},"end":{"line":46,"column":70}},{"start":{"line":47,"column":20},"end":{"line":47,"column":26}}]},"3":{"line":51,"type":"cond-expr","locations":[{"start":{"line":52,"column":14},"end":{"line":52,"column":20}},{"start":{"line":53,"column":14},"end":{"line":53,"column":20}}]},"4":{"line":55,"type":"binary-expr","locations":[{"start":{"line":55,"column":16},"end":{"line":55,"column":44}},{"start":{"line":55,"column":49},"end":{"line":57,"column":43}}]},"5":{"line":55,"type":"cond-expr","locations":[{"start":{"line":56,"column":14},"end":{"line":56,"column":49}},{"start":{"line":57,"column":14},"end":{"line":57,"column":43}}]},"6":{"line":61,"type":"switch","locations":[{"start":{"line":68,"column":4},"end":{"line":150,"column":14},"skip":true},{"start":{"line":156,"column":4},"end":{"line":324,"column":14},"skip":true}]},"7":{"line":70,"type":"if","locations":[{"start":{"line":70,"column":12},"end":{"line":70,"column":12},"skip":true},{"start":{"line":70,"column":12},"end":{"line":70,"column":12},"skip":true}]},"8":{"line":70,"type":"binary-expr","locations":[{"start":{"line":70,"column":16},"end":{"line":70,"column":22},"skip":true},{"start":{"line":70,"column":27},"end":{"line":70,"column":32},"skip":true},{"start":{"line":71,"column":20},"end":{"line":71,"column":39},"skip":true},{"start":{"line":72,"column":20},"end":{"line":72,"column":49},"skip":true},{"start":{"line":73,"column":20},"end":{"line":73,"column":58},"skip":true},{"start":{"line":74,"column":20},"end":{"line":74,"column":69},"skip":true}]},"9":{"line":79,"type":"switch","locations":[{"start":{"line":80,"column":20},"end":{"line":80,"column":33},"skip":true},{"start":{"line":81,"column":20},"end":{"line":83,"column":30},"skip":true},{"start":{"line":84,"column":20},"end":{"line":85,"column":49},"skip":true}]},"10":{"line":89,"type":"switch","locations":[{"start":{"line":90,"column":12},"end":{"line":103,"column":22},"skip":true},{"start":{"line":105,"column":12},"end":{"line":106,"column":22},"skip":true}]},"11":{"line":89,"type":"binary-expr","locations":[{"start":{"line":89,"column":20},"end":{"line":89,"column":25},"skip":true},{"start":{"line":89,"column":29},"end":{"line":89,"column":48},"skip":true},{"start":{"line":89,"column":52},"end":{"line":89,"column":74},"skip":true}]},"12":{"line":92,"type":"if","locations":[{"start":{"line":92,"column":16},"end":{"line":92,"column":16},"skip":true},{"start":{"line":92,"column":16},"end":{"line":92,"column":16},"skip":true}]},"13":{"line":108,"type":"if","locations":[{"start":{"line":108,"column":12},"end":{"line":108,"column":12},"skip":true},{"start":{"line":108,"column":12},"end":{"line":108,"column":12},"skip":true}]},"14":{"line":108,"type":"binary-expr","locations":[{"start":{"line":108,"column":16},"end":{"line":108,"column":61},"skip":true},{"start":{"line":108,"column":66},"end":{"line":108,"column":72},"skip":true},{"start":{"line":108,"column":77},"end":{"line":108,"column":82},"skip":true},{"start":{"line":109,"column":20},"end":{"line":109,"column":39},"skip":true},{"start":{"line":110,"column":20},"end":{"line":110,"column":49},"skip":true},{"start":{"line":111,"column":20},"end":{"line":111,"column":58},"skip":true},{"start":{"line":112,"column":20},"end":{"line":112,"column":68},"skip":true}]},"15":{"line":129,"type":"if","locations":[{"start":{"line":129,"column":16},"end":{"line":129,"column":16},"skip":true},{"start":{"line":129,"column":16},"end":{"line":129,"column":16},"skip":true}]},"16":{"line":134,"type":"cond-expr","locations":[{"start":{"line":135,"column":26},"end":{"line":135,"column":29},"skip":true},{"start":{"line":136,"column":26},"end":{"line":136,"column":54},"skip":true}]},"17":{"line":164,"type":"binary-expr","locations":[{"start":{"line":164,"column":27},"end":{"line":164,"column":43},"skip":true},{"start":{"line":164,"column":47},"end":{"line":164,"column":49},"skip":true}]},"18":{"line":258,"type":"if","locations":[{"start":{"line":258,"column":8},"end":{"line":258,"column":8},"skip":true},{"start":{"line":258,"column":8},"end":{"line":258,"column":8},"skip":true}]},"19":{"line":275,"type":"switch","locations":[{"start":{"line":276,"column":20},"end":{"line":277,"column":64},"skip":true},{"start":{"line":278,"column":20},"end":{"line":279,"column":40},"skip":true},{"start":{"line":280,"column":20},"end":{"line":281,"column":40},"skip":true},{"start":{"line":282,"column":20},"end":{"line":283,"column":39},"skip":true}]},"20":{"line":288,"type":"if","locations":[{"start":{"line":288,"column":8},"end":{"line":288,"column":8},"skip":true},{"start":{"line":288,"column":8},"end":{"line":288,"column":8},"skip":true}]},"21":{"line":288,"type":"binary-expr","locations":[{"start":{"line":288,"column":12},"end":{"line":288,"column":40},"skip":true},{"start":{"line":288,"column":44},"end":{"line":288,"column":67},"skip":true}]},"22":{"line":292,"type":"binary-expr","locations":[{"start":{"line":292,"column":12},"end":{"line":292,"column":50},"skip":true},{"start":{"line":293,"column":12},"end":{"line":293,"column":53},"skip":true}]},"23":{"line":297,"type":"binary-expr","locations":[{"start":{"line":297,"column":12},"end":{"line":297,"column":63},"skip":true},{"start":{"line":298,"column":12},"end":{"line":301,"column":36},"skip":true}]},"24":{"line":303,"type":"binary-expr","locations":[{"start":{"line":303,"column":43},"end":{"line":303,"column":75},"skip":true},{"start":{"line":303,"column":79},"end":{"line":303,"column":81},"skip":true}]},"25":{"line":306,"type":"if","locations":[{"start":{"line":306,"column":8},"end":{"line":306,"column":8},"skip":true},{"start":{"line":306,"column":8},"end":{"line":306,"column":8},"skip":true}]},"26":{"line":310,"type":"if","locations":[{"start":{"line":310,"column":8},"end":{"line":310,"column":8},"skip":true},{"start":{"line":310,"column":8},"end":{"line":310,"column":8},"skip":true}]},"27":{"line":313,"type":"binary-expr","locations":[{"start":{"line":313,"column":27},"end":{"line":313,"column":43},"skip":true},{"start":{"line":313,"column":47},"end":{"line":313,"column":53},"skip":true}]},"28":{"line":317,"type":"if","locations":[{"start":{"line":317,"column":12},"end":{"line":317,"column":12},"skip":true},{"start":{"line":317,"column":12},"end":{"line":317,"column":12},"skip":true}]}},"code":["/*","example.js","","quickstart example","","instruction","    1. save this script as example.js","    2. run the shell command:","        $ npm install npmtest-dagre && PORT=8081 node example.js","    3. play with the browser-demo on http://127.0.0.1:8081","*/","","","","/* istanbul instrument in package npmtest_dagre */","/*jslint","    bitwise: true,","    browser: true,","    maxerr: 8,","    maxlen: 96,","    node: true,","    nomen: true,","    regexp: true,","    stupid: true","*/","(function () {","    'use strict';","    var local;","","","","    // run shared js-env code - pre-init","    (function () {","        // init local","        local = {};","        // init modeJs","        local.modeJs = (function () {","            try {","                return typeof navigator.userAgent === 'string' &&","                    typeof document.querySelector('body') === 'object' &&","                    typeof XMLHttpRequest.prototype.open === 'function' &&","                    'browser';","            } catch (errorCaughtBrowser) {","                return module.exports &&","                    typeof process.versions.node === 'string' &&","                    typeof require('http').createServer === 'function' &&","                    'node';","            }","        }());","        // init global","        local.global = local.modeJs === 'browser'","            ? window","            : global;","        // init utility2_rollup","        local = local.global.utility2_rollup || (local.modeJs === 'browser'","            ? local.global.utility2_npmtest_dagre","            : global.utility2_moduleExports);","        // export local","        local.global.local = local;","    }());","    switch (local.modeJs) {","","","","    // post-init","    // run browser js-env code - post-init","    /* istanbul ignore next */","    case 'browser':","        local.testRunBrowser = function (event) {","            if (!event || (event &&","                    event.currentTarget &&","                    event.currentTarget.className &&","                    event.currentTarget.className.includes &&","                    event.currentTarget.className.includes('onreset'))) {","                // reset output","                Array.from(","                    document.querySelectorAll('body > .resettable')","                ).forEach(function (element) {","                    switch (element.tagName) {","                    case 'INPUT':","                    case 'TEXTAREA':","                        element.value = '';","                        break;","                    default:","                        element.textContent = '';","                    }","                });","            }","            switch (event && event.currentTarget && event.currentTarget.id) {","            case 'testRunButton1':","                // show tests","                if (document.querySelector('#testReportDiv1').style.display === 'none') {","                    document.querySelector('#testReportDiv1').style.display = 'block';","                    document.querySelector('#testRunButton1').textContent =","                        'hide internal test';","                    local.modeTest = true;","                    local.testRunDefault(local);","                // hide tests","                } else {","                    document.querySelector('#testReportDiv1').style.display = 'none';","                    document.querySelector('#testRunButton1').textContent = 'run internal test';","                }","                break;","            // custom-case","            default:","                break;","            }","            if (document.querySelector('#inputTextareaEval1') && (!event || (event &&","                    event.currentTarget &&","                    event.currentTarget.className &&","                    event.currentTarget.className.includes &&","                    event.currentTarget.className.includes('oneval')))) {","                // try to eval input-code","                try {","                    /*jslint evil: true*/","                    eval(document.querySelector('#inputTextareaEval1').value);","                } catch (errorCaught) {","                    console.error(errorCaught);","                }","            }","        };","        // log stderr and stdout to #outputTextareaStdout1","        ['error', 'log'].forEach(function (key) {","            console[key + '_original'] = console[key];","            console[key] = function () {","                var element;","                console[key + '_original'].apply(console, arguments);","                element = document.querySelector('#outputTextareaStdout1');","                if (!element) {","                    return;","                }","                // append text to #outputTextareaStdout1","                element.value += Array.from(arguments).map(function (arg) {","                    return typeof arg === 'string'","                        ? arg","                        : JSON.stringify(arg, null, 4);","                }).join(' ') + '\\n';","                // scroll textarea to bottom","                element.scrollTop = element.scrollHeight;","            };","        });","        // init event-handling","        ['change', 'click', 'keyup'].forEach(function (event) {","            Array.from(document.querySelectorAll('.on' + event)).forEach(function (element) {","                element.addEventListener(event, local.testRunBrowser);","            });","        });","        // run tests","        local.testRunBrowser();","        break;","","","","    // run node js-env code - post-init","    /* istanbul ignore next */","    case 'node':","        // export local","        module.exports = local;","        // require modules","        local.fs = require('fs');","        local.http = require('http');","        local.url = require('url');","        // init assets","        local.assetsDict = local.assetsDict || {};","        /* jslint-ignore-begin */","        local.assetsDict['/assets.index.template.html'] = '\\","<!doctype html>\\n\\","<html lang=\"en\">\\n\\","<head>\\n\\","<meta charset=\"UTF-8\">\\n\\","<meta name=\"viewport\" content=\"width=device-width, initial-scale=1\">\\n\\","<title>{{env.npm_package_name}} (v{{env.npm_package_version}})</title>\\n\\","<style>\\n\\","/*csslint\\n\\","    box-sizing: false,\\n\\","    universal-selector: false\\n\\","*/\\n\\","* {\\n\\","    box-sizing: border-box;\\n\\","}\\n\\","body {\\n\\","    background: #dde;\\n\\","    font-family: Arial, Helvetica, sans-serif;\\n\\","    margin: 2rem;\\n\\","}\\n\\","body > * {\\n\\","    margin-bottom: 1rem;\\n\\","}\\n\\",".utility2FooterDiv {\\n\\","    margin-top: 20px;\\n\\","    text-align: center;\\n\\","}\\n\\","</style>\\n\\","<style>\\n\\","/*csslint\\n\\","*/\\n\\","textarea {\\n\\","    font-family: monospace;\\n\\","    height: 10rem;\\n\\","    width: 100%;\\n\\","}\\n\\","textarea[readonly] {\\n\\","    background: #ddd;\\n\\","}\\n\\","</style>\\n\\","</head>\\n\\","<body>\\n\\","<!-- utility2-comment\\n\\","<div id=\"ajaxProgressDiv1\" style=\"background: #d00; height: 2px; left: 0; margin: 0; padding: 0; position: fixed; top: 0; transition: background 0.5s, width 1.5s; width: 25%;\"></div>\\n\\","utility2-comment -->\\n\\","<h1>\\n\\","<!-- utility2-comment\\n\\","    <a\\n\\","        {{#if env.npm_package_homepage}}\\n\\","        href=\"{{env.npm_package_homepage}}\"\\n\\","        {{/if env.npm_package_homepage}}\\n\\","        target=\"_blank\"\\n\\","    >\\n\\","utility2-comment -->\\n\\","        {{env.npm_package_name}} (v{{env.npm_package_version}})\\n\\","<!-- utility2-comment\\n\\","    </a>\\n\\","utility2-comment -->\\n\\","</h1>\\n\\","<h3>{{env.npm_package_description}}</h3>\\n\\","<!-- utility2-comment\\n\\","<h4><a download href=\"assets.app.js\">download standalone app</a></h4>\\n\\","<button class=\"onclick onreset\" id=\"testRunButton1\">run internal test</button><br>\\n\\","<div id=\"testReportDiv1\" style=\"display: none;\"></div>\\n\\","utility2-comment -->\\n\\","\\n\\","\\n\\","\\n\\","<label>stderr and stdout</label>\\n\\","<textarea class=\"resettable\" id=\"outputTextareaStdout1\" readonly></textarea>\\n\\","<!-- utility2-comment\\n\\","{{#if isRollup}}\\n\\","<script src=\"assets.app.js\"></script>\\n\\","{{#unless isRollup}}\\n\\","utility2-comment -->\\n\\","<script src=\"assets.utility2.rollup.js\"></script>\\n\\","<script src=\"jsonp.utility2._stateInit?callback=window.utility2._stateInit\"></script>\\n\\","<script src=\"assets.npmtest_dagre.rollup.js\"></script>\\n\\","<script src=\"assets.example.js\"></script>\\n\\","<script src=\"assets.test.js\"></script>\\n\\","<!-- utility2-comment\\n\\","{{/if isRollup}}\\n\\","utility2-comment -->\\n\\","<div class=\"utility2FooterDiv\">\\n\\","    [ this app was created with\\n\\","    <a href=\"https://github.com/kaizhu256/node-utility2\" target=\"_blank\">utility2</a>\\n\\","    ]\\n\\","</div>\\n\\","</body>\\n\\","</html>\\n\\","';","        /* jslint-ignore-end */","        if (local.templateRender) {","            local.assetsDict['/'] = local.templateRender(","                local.assetsDict['/assets.index.template.html'],","                {","                    env: local.objectSetDefault(local.env, {","                        npm_package_description: 'the greatest app in the world!',","                        npm_package_name: 'my-app',","                        npm_package_nameAlias: 'my_app',","                        npm_package_version: '0.0.1'","                    })","                }","            );","        } else {","            local.assetsDict['/'] = local.assetsDict['/assets.index.template.html']","                .replace((/\\{\\{env\\.(\\w+?)\\}\\}/g), function (match0, match1) {","                    // jslint-hack","                    String(match0);","                    switch (match1) {","                    case 'npm_package_description':","                        return 'the greatest app in the world!';","                    case 'npm_package_name':","                        return 'my-app';","                    case 'npm_package_nameAlias':","                        return 'my_app';","                    case 'npm_package_version':","                        return '0.0.1';","                    }","                });","        }","        // run the cli","        if (local.global.utility2_rollup || module !== require.main) {","            break;","        }","        local.assetsDict['/assets.example.js'] =","            local.assetsDict['/assets.example.js'] ||","            local.fs.readFileSync(__filename, 'utf8');","        // bug-workaround - long $npm_package_buildCustomOrg","        /* jslint-ignore-begin */","        local.assetsDict['/assets.npmtest_dagre.rollup.js'] =","            local.assetsDict['/assets.npmtest_dagre.rollup.js'] ||","            local.fs.readFileSync(","                local.npmtest_dagre.__dirname + '/lib.npmtest_dagre.js',","                'utf8'","            ).replace((/^#!/), '//');","        /* jslint-ignore-end */","        local.assetsDict['/favicon.ico'] = local.assetsDict['/favicon.ico'] || '';","        // if $npm_config_timeout_exit exists,","        // then exit this process after $npm_config_timeout_exit ms","        if (Number(process.env.npm_config_timeout_exit)) {","            setTimeout(process.exit, Number(process.env.npm_config_timeout_exit));","        }","        // start server","        if (local.global.utility2_serverHttp1) {","            break;","        }","        process.env.PORT = process.env.PORT || '8081';","        console.error('server starting on port ' + process.env.PORT);","        local.http.createServer(function (request, response) {","            request.urlParsed = local.url.parse(request.url);","            if (local.assetsDict[request.urlParsed.pathname] !== undefined) {","                response.end(local.assetsDict[request.urlParsed.pathname]);","                return;","            }","            response.statusCode = 404;","            response.end();","        }).listen(process.env.PORT);","        break;","    }","}());",""],"l":{"26":2,"28":2,"33":2,"35":2,"37":2,"38":2,"39":2,"44":1,"51":2,"55":2,"59":2,"61":2,"69":1,"70":2,"76":2,"79":2,"82":2,"83":2,"85":1,"89":2,"92":1,"93":1,"94":1,"96":1,"97":1,"100":1,"101":1,"103":1,"106":1,"108":2,"114":1,"116":1,"118":1,"123":1,"124":2,"125":2,"126":3,"127":3,"128":3,"129":3,"130":1,"133":3,"134":3,"139":3,"143":1,"144":3,"145":1,"149":1,"150":1,"158":1,"160":1,"161":1,"162":1,"164":1,"166":1,"258":1,"259":1,"271":1,"274":6,"275":6,"277":1,"279":2,"281":1,"283":2,"288":1,"289":1,"291":1,"296":1,"303":1,"306":1,"307":1,"310":1,"311":1,"313":1,"314":1,"315":1,"316":1,"317":1,"318":1,"319":1,"321":1,"322":1,"324":1}},"/home/travis/build/npmtest/node-npmtest-dagre/node_modules/dagre/index.js":{"path":"/home/travis/build/npmtest/node-npmtest-dagre/node_modules/dagre/index.js","s":{"1":1},"b":{},"f":{},"fnMap":{},"statementMap":{"1":{"start":{"line":23,"column":0},"end":{"line":33,"column":2}}},"branchMap":{},"code":["/*","Copyright (c) 2012-2014 Chris Pettitt","","Permission is hereby granted, free of charge, to any person obtaining a copy","of this software and associated documentation files (the \"Software\"), to deal","in the Software without restriction, including without limitation the rights","to use, copy, modify, merge, publish, distribute, sublicense, and/or sell","copies of the Software, and to permit persons to whom the Software is","furnished to do so, subject to the following conditions:","","The above copyright notice and this permission notice shall be included in","all copies or substantial portions of the Software.","","THE SOFTWARE IS PROVIDED \"AS IS\", WITHOUT WARRANTY OF ANY KIND, EXPRESS OR","IMPLIED, INCLUDING BUT NOT LIMITED TO THE WARRANTIES OF MERCHANTABILITY,","FITNESS FOR A PARTICULAR PURPOSE AND NONINFRINGEMENT. IN NO EVENT SHALL THE","AUTHORS OR COPYRIGHT HOLDERS BE LIABLE FOR ANY CLAIM, DAMAGES OR OTHER","LIABILITY, WHETHER IN AN ACTION OF CONTRACT, TORT OR OTHERWISE, ARISING FROM,","OUT OF OR IN CONNECTION WITH THE SOFTWARE OR THE USE OR OTHER DEALINGS IN","THE SOFTWARE.","*/","","module.exports = {","  graphlib: require(\"./lib/graphlib\"),","","  layout: require(\"./lib/layout\"),","  debug: require(\"./lib/debug\"),","  util: {","    time: require(\"./lib/util\").time,","    notime: require(\"./lib/util\").notime","  },","  version: require(\"./lib/version\")","};",""],"l":{"23":1}},"/home/travis/build/npmtest/node-npmtest-dagre/node_modules/dagre/lib/graphlib.js":{"path":"/home/travis/build/npmtest/node-npmtest-dagre/node_modules/dagre/lib/graphlib.js","s":{"1":1,"2":1,"3":1,"4":1,"5":1,"6":0,"7":1},"b":{"1":[1,0],"2":[0,1]},"f":{},"fnMap":{},"statementMap":{"1":{"start":{"line":3,"column":0},"end":{"line":3,"column":13}},"2":{"start":{"line":5,"column":0},"end":{"line":9,"column":1}},"3":{"start":{"line":6,"column":2},"end":{"line":8,"column":16}},"4":{"start":{"line":7,"column":4},"end":{"line":7,"column":35}},"5":{"start":{"line":11,"column":0},"end":{"line":13,"column":1}},"6":{"start":{"line":12,"column":2},"end":{"line":12,"column":29}},"7":{"start":{"line":15,"column":0},"end":{"line":15,"column":26}}},"branchMap":{"1":{"line":5,"type":"if","locations":[{"start":{"line":5,"column":0},"end":{"line":5,"column":0}},{"start":{"line":5,"column":0},"end":{"line":5,"column":0}}]},"2":{"line":11,"type":"if","locations":[{"start":{"line":11,"column":0},"end":{"line":11,"column":0}},{"start":{"line":11,"column":0},"end":{"line":11,"column":0}}]}},"code":["/* global window */","","var graphlib;","","if (typeof require === \"function\") {","  try {","    graphlib = require(\"graphlib\");","  } catch (e) {}","}","","if (!graphlib) {","  graphlib = window.graphlib;","}","","module.exports = graphlib;",""],"l":{"3":1,"5":1,"6":1,"7":1,"11":1,"12":0,"15":1}},"/home/travis/build/npmtest/node-npmtest-dagre/node_modules/dagre/lib/layout.js":{"path":"/home/travis/build/npmtest/node-npmtest-dagre/node_modules/dagre/lib/layout.js","s":{"1":1,"2":1,"3":1,"4":0,"5":0,"6":0,"7":0,"8":0,"9":0,"10":0,"11":0,"12":1,"13":0,"14":0,"15":0,"16":0,"17":0,"18":0,"19":0,"20":0,"21":0,"22":0,"23":0,"24":0,"25":0,"26":0,"27":0,"28":0,"29":0,"30":0,"31":0,"32":0,"33":0,"34":0,"35":0,"36":0,"37":0,"38":0,"39":0,"40":0,"41":0,"42":0,"43":0,"44":0,"45":0,"46":0,"47":0,"48":0,"49":0,"50":0,"51":0,"52":0,"53":0,"54":0,"55":0,"56":0,"57":0,"58":0,"59":0,"60":0,"61":0,"62":0,"63":0,"64":0,"65":0,"66":0,"67":1,"68":0,"69":0,"70":0,"71":0,"72":0,"73":0,"74":0,"75":0,"76":0,"77":0,"78":0,"79":0,"80":0,"81":0,"82":0,"83":0,"84":1,"85":1,"86":0,"87":0,"88":0,"89":0,"90":0,"91":0,"92":0,"93":0,"94":0,"95":0,"96":1,"97":0,"98":0,"99":0,"100":0,"101":0,"102":0,"103":0,"104":0,"105":0,"106":1,"107":0,"108":0,"109":0,"110":0,"111":0,"112":1,"113":0,"114":0,"115":0,"116":0,"117":0,"118":0,"119":0,"120":0,"121":1,"122":0,"123":0,"124":0,"125":0,"126":0,"127":1,"128":0,"129":1,"130":0,"131":0,"132":0,"133":0,"134":0,"135":0,"136":0,"137":0,"138":0,"139":0,"140":0,"141":0,"142":0,"143":0,"144":0,"145":0,"146":0,"147":0,"148":0,"149":0,"150":0,"151":0,"152":0,"153":0,"154":0,"155":0,"156":0,"157":0,"158":1,"159":0,"160":0,"161":0,"162":0,"163":0,"164":0,"165":0,"166":0,"167":0,"168":0,"169":1,"170":0,"171":0,"172":0,"173":0,"174":0,"175":0,"176":0,"177":0,"178":0,"179":0,"180":1,"181":0,"182":0,"183":0,"184":0,"185":1,"186":0,"187":0,"188":0,"189":0,"190":0,"191":0,"192":0,"193":0,"194":0,"195":0,"196":1,"197":0,"198":0,"199":0,"200":0,"201":0,"202":0,"203":0,"204":1,"205":0,"206":0,"207":0,"208":0,"209":0,"210":0,"211":0,"212":0,"213":0,"214":1,"215":0,"216":0,"217":0,"218":0,"219":0,"220":0,"221":0,"222":0,"223":0,"224":1,"225":0,"226":1,"227":0,"228":0,"229":0,"230":0},"b":{"1":[0,0],"2":[0,0],"3":[0,0],"4":[0,0],"5":[0,0],"6":[0,0],"7":[0,0],"8":[0,0],"9":[0,0],"10":[0,0],"11":[0,0],"12":[0,0],"13":[0,0],"14":[0,0],"15":[0,0],"16":[0,0],"17":[0,0],"18":[0,0],"19":[0,0],"20":[0,0],"21":[0,0],"22":[0,0],"23":[0,0],"24":[0,0],"25":[0,0],"26":[0,0],"27":[0,0],"28":[0,0]},"f":{"1":0,"2":0,"3":0,"4":0,"5":0,"6":0,"7":0,"8":0,"9":0,"10":0,"11":0,"12":0,"13":0,"14":0,"15":0,"16":0,"17":0,"18":0,"19":0,"20":0,"21":0,"22":0,"23":0,"24":0,"25":0,"26":0,"27":0,"28":0,"29":0,"30":0,"31":0,"32":0,"33":0,"34":0,"35":0,"36":0,"37":0,"38":0,"39":0,"40":0,"41":0,"42":0,"43":0,"44":0,"45":0,"46":0,"47":0,"48":0,"49":0,"50":0,"51":0,"52":0,"53":0,"54":0,"55":0,"56":0,"57":0,"58":0,"59":0,"60":0,"61":0,"62":0,"63":0,"64":0,"65":0,"66":0,"67":0,"68":0,"69":0,"70":0,"71":0,"72":0,"73":0,"74":0},"fnMap":{"1":{"name":"layout","line":20,"loc":{"start":{"line":20,"column":0},"end":{"line":20,"column":25}}},"2":{"name":"(anonymous_2)","line":22,"loc":{"start":{"line":22,"column":17},"end":{"line":22,"column":28}}},"3":{"name":"(anonymous_3)","line":24,"loc":{"start":{"line":24,"column":31},"end":{"line":24,"column":42}}},"4":{"name":"(anonymous_4)","line":25,"loc":{"start":{"line":25,"column":31},"end":{"line":25,"column":42}}},"5":{"name":"(anonymous_5)","line":26,"loc":{"start":{"line":26,"column":31},"end":{"line":26,"column":42}}},"6":{"name":"runLayout","line":30,"loc":{"start":{"line":30,"column":0},"end":{"line":30,"column":28}}},"7":{"name":"(anonymous_7)","line":31,"loc":{"start":{"line":31,"column":37},"end":{"line":31,"column":48}}},"8":{"name":"(anonymous_8)","line":32,"loc":{"start":{"line":32,"column":37},"end":{"line":32,"column":48}}},"9":{"name":"(anonymous_9)","line":33,"loc":{"start":{"line":33,"column":37},"end":{"line":33,"column":48}}},"10":{"name":"(anonymous_10)","line":34,"loc":{"start":{"line":34,"column":37},"end":{"line":34,"column":48}}},"11":{"name":"(anonymous_11)","line":35,"loc":{"start":{"line":35,"column":37},"end":{"line":35,"column":48}}},"12":{"name":"(anonymous_12)","line":36,"loc":{"start":{"line":36,"column":37},"end":{"line":36,"column":48}}},"13":{"name":"(anonymous_13)","line":37,"loc":{"start":{"line":37,"column":37},"end":{"line":37,"column":48}}},"14":{"name":"(anonymous_14)","line":38,"loc":{"start":{"line":38,"column":37},"end":{"line":38,"column":48}}},"15":{"name":"(anonymous_15)","line":39,"loc":{"start":{"line":39,"column":37},"end":{"line":39,"column":48}}},"16":{"name":"(anonymous_16)","line":40,"loc":{"start":{"line":40,"column":37},"end":{"line":40,"column":48}}},"17":{"name":"(anonymous_17)","line":41,"loc":{"start":{"line":41,"column":37},"end":{"line":41,"column":48}}},"18":{"name":"(anonymous_18)","line":42,"loc":{"start":{"line":42,"column":37},"end":{"line":42,"column":48}}},"19":{"name":"(anonymous_19)","line":43,"loc":{"start":{"line":43,"column":37},"end":{"line":43,"column":48}}},"20":{"name":"(anonymous_20)","line":44,"loc":{"start":{"line":44,"column":37},"end":{"line":44,"column":48}}},"21":{"name":"(anonymous_21)","line":45,"loc":{"start":{"line":45,"column":37},"end":{"line":45,"column":48}}},"22":{"name":"(anonymous_22)","line":46,"loc":{"start":{"line":46,"column":37},"end":{"line":46,"column":48}}},"23":{"name":"(anonymous_23)","line":47,"loc":{"start":{"line":47,"column":37},"end":{"line":47,"column":48}}},"24":{"name":"(anonymous_24)","line":48,"loc":{"start":{"line":48,"column":37},"end":{"line":48,"column":48}}},"25":{"name":"(anonymous_25)","line":49,"loc":{"start":{"line":49,"column":37},"end":{"line":49,"column":48}}},"26":{"name":"(anonymous_26)","line":50,"loc":{"start":{"line":50,"column":37},"end":{"line":50,"column":48}}},"27":{"name":"(anonymous_27)","line":51,"loc":{"start":{"line":51,"column":37},"end":{"line":51,"column":48}}},"28":{"name":"(anonymous_28)","line":52,"loc":{"start":{"line":52,"column":37},"end":{"line":52,"column":48}}},"29":{"name":"(anonymous_29)","line":53,"loc":{"start":{"line":53,"column":37},"end":{"line":53,"column":48}}},"30":{"name":"(anonymous_30)","line":54,"loc":{"start":{"line":54,"column":37},"end":{"line":54,"column":48}}},"31":{"name":"(anonymous_31)","line":55,"loc":{"start":{"line":55,"column":37},"end":{"line":55,"column":48}}},"32":{"name":"(anonymous_32)","line":56,"loc":{"start":{"line":56,"column":37},"end":{"line":56,"column":48}}},"33":{"name":"(anonymous_33)","line":57,"loc":{"start":{"line":57,"column":37},"end":{"line":57,"column":48}}},"34":{"name":"updateInputGraph","line":66,"loc":{"start":{"line":66,"column":0},"end":{"line":66,"column":51}}},"35":{"name":"(anonymous_35)","line":67,"loc":{"start":{"line":67,"column":29},"end":{"line":67,"column":41}}},"36":{"name":"(anonymous_36)","line":82,"loc":{"start":{"line":82,"column":29},"end":{"line":82,"column":41}}},"37":{"name":"buildLayoutGraph","line":115,"loc":{"start":{"line":115,"column":0},"end":{"line":115,"column":38}}},"38":{"name":"(anonymous_38)","line":124,"loc":{"start":{"line":124,"column":29},"end":{"line":124,"column":41}}},"39":{"name":"(anonymous_39)","line":130,"loc":{"start":{"line":130,"column":29},"end":{"line":130,"column":41}}},"40":{"name":"makeSpaceForEdgeLabels","line":149,"loc":{"start":{"line":149,"column":0},"end":{"line":149,"column":35}}},"41":{"name":"(anonymous_41)","line":152,"loc":{"start":{"line":152,"column":20},"end":{"line":152,"column":32}}},"42":{"name":"injectEdgeLabelProxies","line":171,"loc":{"start":{"line":171,"column":0},"end":{"line":171,"column":35}}},"43":{"name":"(anonymous_43)","line":172,"loc":{"start":{"line":172,"column":20},"end":{"line":172,"column":32}}},"44":{"name":"assignRankMinMax","line":183,"loc":{"start":{"line":183,"column":0},"end":{"line":183,"column":29}}},"45":{"name":"(anonymous_45)","line":185,"loc":{"start":{"line":185,"column":20},"end":{"line":185,"column":32}}},"46":{"name":"removeEdgeLabelProxies","line":196,"loc":{"start":{"line":196,"column":0},"end":{"line":196,"column":35}}},"47":{"name":"(anonymous_47)","line":197,"loc":{"start":{"line":197,"column":20},"end":{"line":197,"column":32}}},"48":{"name":"translateGraph","line":206,"loc":{"start":{"line":206,"column":0},"end":{"line":206,"column":27}}},"49":{"name":"getExtremes","line":215,"loc":{"start":{"line":215,"column":2},"end":{"line":215,"column":30}}},"50":{"name":"(anonymous_50)","line":226,"loc":{"start":{"line":226,"column":20},"end":{"line":226,"column":32}}},"51":{"name":"(anonymous_51)","line":227,"loc":{"start":{"line":227,"column":20},"end":{"line":227,"column":32}}},"52":{"name":"(anonymous_52)","line":237,"loc":{"start":{"line":237,"column":20},"end":{"line":237,"column":32}}},"53":{"name":"(anonymous_53)","line":243,"loc":{"start":{"line":243,"column":20},"end":{"line":243,"column":32}}},"54":{"name":"(anonymous_54)","line":245,"loc":{"start":{"line":245,"column":24},"end":{"line":245,"column":36}}},"55":{"name":"assignNodeIntersects","line":257,"loc":{"start":{"line":257,"column":0},"end":{"line":257,"column":33}}},"56":{"name":"(anonymous_56)","line":258,"loc":{"start":{"line":258,"column":20},"end":{"line":258,"column":32}}},"57":{"name":"fixupEdgeLabelCoords","line":276,"loc":{"start":{"line":276,"column":0},"end":{"line":276,"column":33}}},"58":{"name":"(anonymous_58)","line":277,"loc":{"start":{"line":277,"column":20},"end":{"line":277,"column":32}}},"59":{"name":"reversePointsForReversedEdges","line":291,"loc":{"start":{"line":291,"column":0},"end":{"line":291,"column":42}}},"60":{"name":"(anonymous_60)","line":292,"loc":{"start":{"line":292,"column":20},"end":{"line":292,"column":32}}},"61":{"name":"removeBorderNodes","line":300,"loc":{"start":{"line":300,"column":0},"end":{"line":300,"column":30}}},"62":{"name":"(anonymous_62)","line":301,"loc":{"start":{"line":301,"column":20},"end":{"line":301,"column":32}}},"63":{"name":"(anonymous_63)","line":316,"loc":{"start":{"line":316,"column":20},"end":{"line":316,"column":32}}},"64":{"name":"removeSelfEdges","line":323,"loc":{"start":{"line":323,"column":0},"end":{"line":323,"column":28}}},"65":{"name":"(anonymous_65)","line":324,"loc":{"start":{"line":324,"column":20},"end":{"line":324,"column":32}}},"66":{"name":"insertSelfEdges","line":336,"loc":{"start":{"line":336,"column":0},"end":{"line":336,"column":28}}},"67":{"name":"(anonymous_67)","line":338,"loc":{"start":{"line":338,"column":17},"end":{"line":338,"column":33}}},"68":{"name":"(anonymous_68)","line":340,"loc":{"start":{"line":340,"column":18},"end":{"line":340,"column":33}}},"69":{"name":"(anonymous_69)","line":343,"loc":{"start":{"line":343,"column":29},"end":{"line":343,"column":48}}},"70":{"name":"positionSelfEdges","line":358,"loc":{"start":{"line":358,"column":0},"end":{"line":358,"column":30}}},"71":{"name":"(anonymous_71)","line":359,"loc":{"start":{"line":359,"column":20},"end":{"line":359,"column":32}}},"72":{"name":"selectNumberAttrs","line":382,"loc":{"start":{"line":382,"column":0},"end":{"line":382,"column":39}}},"73":{"name":"canonicalize","line":386,"loc":{"start":{"line":386,"column":0},"end":{"line":386,"column":29}}},"74":{"name":"(anonymous_74)","line":388,"loc":{"start":{"line":388,"column":16},"end":{"line":388,"column":31}}}},"statementMap":{"1":{"start":{"line":3,"column":0},"end":{"line":16,"column":40}},"2":{"start":{"line":18,"column":0},"end":{"line":18,"column":24}},"3":{"start":{"line":20,"column":0},"end":{"line":28,"column":1}},"4":{"start":{"line":21,"column":2},"end":{"line":21,"column":64}},"5":{"start":{"line":22,"column":2},"end":{"line":27,"column":5}},"6":{"start":{"line":23,"column":4},"end":{"line":24,"column":75}},"7":{"start":{"line":24,"column":44},"end":{"line":24,"column":71}},"8":{"start":{"line":25,"column":4},"end":{"line":25,"column":77}},"9":{"start":{"line":25,"column":44},"end":{"line":25,"column":73}},"10":{"start":{"line":26,"column":4},"end":{"line":26,"column":81}},"11":{"start":{"line":26,"column":44},"end":{"line":26,"column":77}},"12":{"start":{"line":30,"column":0},"end":{"line":58,"column":1}},"13":{"start":{"line":31,"column":2},"end":{"line":31,"column":80}},"14":{"start":{"line":31,"column":50},"end":{"line":31,"column":76}},"15":{"start":{"line":32,"column":2},"end":{"line":32,"column":73}},"16":{"start":{"line":32,"column":50},"end":{"line":32,"column":69}},"17":{"start":{"line":33,"column":2},"end":{"line":33,"column":69}},"18":{"start":{"line":33,"column":50},"end":{"line":33,"column":65}},"19":{"start":{"line":34,"column":2},"end":{"line":34,"column":74}},"20":{"start":{"line":34,"column":50},"end":{"line":34,"column":70}},"21":{"start":{"line":35,"column":2},"end":{"line":35,"column":87}},"22":{"start":{"line":35,"column":50},"end":{"line":35,"column":83}},"23":{"start":{"line":36,"column":2},"end":{"line":36,"column":80}},"24":{"start":{"line":36,"column":50},"end":{"line":36,"column":76}},"25":{"start":{"line":37,"column":2},"end":{"line":37,"column":74}},"26":{"start":{"line":37,"column":50},"end":{"line":37,"column":70}},"27":{"start":{"line":38,"column":2},"end":{"line":38,"column":78}},"28":{"start":{"line":38,"column":50},"end":{"line":38,"column":74}},"29":{"start":{"line":39,"column":2},"end":{"line":39,"column":72}},"30":{"start":{"line":39,"column":50},"end":{"line":39,"column":68}},"31":{"start":{"line":40,"column":2},"end":{"line":40,"column":74}},"32":{"start":{"line":40,"column":50},"end":{"line":40,"column":70}},"33":{"start":{"line":41,"column":2},"end":{"line":41,"column":80}},"34":{"start":{"line":41,"column":50},"end":{"line":41,"column":76}},"35":{"start":{"line":42,"column":2},"end":{"line":42,"column":71}},"36":{"start":{"line":42,"column":50},"end":{"line":42,"column":67}},"37":{"start":{"line":43,"column":2},"end":{"line":43,"column":75}},"38":{"start":{"line":43,"column":50},"end":{"line":43,"column":71}},"39":{"start":{"line":44,"column":2},"end":{"line":44,"column":75}},"40":{"start":{"line":44,"column":50},"end":{"line":44,"column":71}},"41":{"start":{"line":45,"column":2},"end":{"line":45,"column":63}},"42":{"start":{"line":45,"column":50},"end":{"line":45,"column":59}},"43":{"start":{"line":46,"column":2},"end":{"line":46,"column":73}},"44":{"start":{"line":46,"column":50},"end":{"line":46,"column":69}},"45":{"start":{"line":47,"column":2},"end":{"line":47,"column":81}},"46":{"start":{"line":47,"column":50},"end":{"line":47,"column":77}},"47":{"start":{"line":48,"column":2},"end":{"line":48,"column":66}},"48":{"start":{"line":48,"column":50},"end":{"line":48,"column":62}},"49":{"start":{"line":49,"column":2},"end":{"line":49,"column":75}},"50":{"start":{"line":49,"column":50},"end":{"line":49,"column":71}},"51":{"start":{"line":50,"column":2},"end":{"line":50,"column":75}},"52":{"start":{"line":50,"column":50},"end":{"line":50,"column":71}},"53":{"start":{"line":51,"column":2},"end":{"line":51,"column":72}},"54":{"start":{"line":51,"column":50},"end":{"line":51,"column":68}},"55":{"start":{"line":52,"column":2},"end":{"line":52,"column":78}},"56":{"start":{"line":52,"column":50},"end":{"line":52,"column":74}},"57":{"start":{"line":53,"column":2},"end":{"line":53,"column":79}},"58":{"start":{"line":53,"column":50},"end":{"line":53,"column":75}},"59":{"start":{"line":54,"column":2},"end":{"line":54,"column":72}},"60":{"start":{"line":54,"column":50},"end":{"line":54,"column":68}},"61":{"start":{"line":55,"column":2},"end":{"line":55,"column":78}},"62":{"start":{"line":55,"column":50},"end":{"line":55,"column":74}},"63":{"start":{"line":56,"column":2},"end":{"line":56,"column":87}},"64":{"start":{"line":56,"column":50},"end":{"line":56,"column":83}},"65":{"start":{"line":57,"column":2},"end":{"line":57,"column":70}},"66":{"start":{"line":57,"column":50},"end":{"line":57,"column":66}},"67":{"start":{"line":66,"column":0},"end":{"line":95,"column":1}},"68":{"start":{"line":67,"column":2},"end":{"line":80,"column":5}},"69":{"start":{"line":68,"column":4},"end":{"line":69,"column":42}},"70":{"start":{"line":71,"column":4},"end":{"line":79,"column":5}},"71":{"start":{"line":72,"column":6},"end":{"line":72,"column":35}},"72":{"start":{"line":73,"column":6},"end":{"line":73,"column":35}},"73":{"start":{"line":75,"column":6},"end":{"line":78,"column":7}},"74":{"start":{"line":76,"column":8},"end":{"line":76,"column":45}},"75":{"start":{"line":77,"column":8},"end":{"line":77,"column":47}},"76":{"start":{"line":82,"column":2},"end":{"line":91,"column":5}},"77":{"start":{"line":83,"column":4},"end":{"line":84,"column":42}},"78":{"start":{"line":86,"column":4},"end":{"line":86,"column":43}},"79":{"start":{"line":87,"column":4},"end":{"line":90,"column":5}},"80":{"start":{"line":88,"column":6},"end":{"line":88,"column":35}},"81":{"start":{"line":89,"column":6},"end":{"line":89,"column":35}},"82":{"start":{"line":93,"column":2},"end":{"line":93,"column":55}},"83":{"start":{"line":94,"column":2},"end":{"line":94,"column":57}},"84":{"start":{"line":97,"column":0},"end":{"line":107,"column":29}},"85":{"start":{"line":115,"column":0},"end":{"line":139,"column":1}},"86":{"start":{"line":116,"column":2},"end":{"line":117,"column":47}},"87":{"start":{"line":119,"column":2},"end":{"line":122,"column":32}},"88":{"start":{"line":124,"column":2},"end":{"line":128,"column":5}},"89":{"start":{"line":125,"column":4},"end":{"line":125,"column":48}},"90":{"start":{"line":126,"column":4},"end":{"line":126,"column":82}},"91":{"start":{"line":127,"column":4},"end":{"line":127,"column":41}},"92":{"start":{"line":130,"column":2},"end":{"line":136,"column":5}},"93":{"start":{"line":131,"column":4},"end":{"line":131,"column":48}},"94":{"start":{"line":132,"column":4},"end":{"line":135,"column":32}},"95":{"start":{"line":138,"column":2},"end":{"line":138,"column":11}},"96":{"start":{"line":149,"column":0},"end":{"line":163,"column":1}},"97":{"start":{"line":150,"column":2},"end":{"line":150,"column":24}},"98":{"start":{"line":151,"column":2},"end":{"line":151,"column":21}},"99":{"start":{"line":152,"column":2},"end":{"line":162,"column":5}},"100":{"start":{"line":153,"column":4},"end":{"line":153,"column":25}},"101":{"start":{"line":154,"column":4},"end":{"line":154,"column":21}},"102":{"start":{"line":155,"column":4},"end":{"line":161,"column":5}},"103":{"start":{"line":156,"column":6},"end":{"line":160,"column":7}},"104":{"start":{"line":157,"column":8},"end":{"line":157,"column":39}},"105":{"start":{"line":159,"column":8},"end":{"line":159,"column":40}},"106":{"start":{"line":171,"column":0},"end":{"line":181,"column":1}},"107":{"start":{"line":172,"column":2},"end":{"line":180,"column":5}},"108":{"start":{"line":173,"column":4},"end":{"line":173,"column":25}},"109":{"start":{"line":174,"column":4},"end":{"line":179,"column":5}},"110":{"start":{"line":175,"column":6},"end":{"line":177,"column":65}},"111":{"start":{"line":178,"column":6},"end":{"line":178,"column":55}},"112":{"start":{"line":183,"column":0},"end":{"line":194,"column":1}},"113":{"start":{"line":184,"column":2},"end":{"line":184,"column":18}},"114":{"start":{"line":185,"column":2},"end":{"line":192,"column":5}},"115":{"start":{"line":186,"column":4},"end":{"line":186,"column":25}},"116":{"start":{"line":187,"column":4},"end":{"line":191,"column":5}},"117":{"start":{"line":188,"column":6},"end":{"line":188,"column":49}},"118":{"start":{"line":189,"column":6},"end":{"line":189,"column":52}},"119":{"start":{"line":190,"column":6},"end":{"line":190,"column":45}},"120":{"start":{"line":193,"column":2},"end":{"line":193,"column":30}},"121":{"start":{"line":196,"column":0},"end":{"line":204,"column":1}},"122":{"start":{"line":197,"column":2},"end":{"line":203,"column":5}},"123":{"start":{"line":198,"column":4},"end":{"line":198,"column":25}},"124":{"start":{"line":199,"column":4},"end":{"line":202,"column":5}},"125":{"start":{"line":200,"column":6},"end":{"line":200,"column":43}},"126":{"start":{"line":201,"column":6},"end":{"line":201,"column":22}},"127":{"start":{"line":206,"column":0},"end":{"line":255,"column":1}},"128":{"start":{"line":207,"column":2},"end":{"line":213,"column":40}},"129":{"start":{"line":215,"column":2},"end":{"line":224,"column":3}},"130":{"start":{"line":216,"column":4},"end":{"line":219,"column":25}},"131":{"start":{"line":220,"column":4},"end":{"line":220,"column":37}},"132":{"start":{"line":221,"column":4},"end":{"line":221,"column":37}},"133":{"start":{"line":222,"column":4},"end":{"line":222,"column":37}},"134":{"start":{"line":223,"column":4},"end":{"line":223,"column":37}},"135":{"start":{"line":226,"column":2},"end":{"line":226,"column":61}},"136":{"start":{"line":226,"column":34},"end":{"line":226,"column":57}},"137":{"start":{"line":227,"column":2},"end":{"line":232,"column":5}},"138":{"start":{"line":228,"column":4},"end":{"line":228,"column":25}},"139":{"start":{"line":229,"column":4},"end":{"line":231,"column":5}},"140":{"start":{"line":230,"column":6},"end":{"line":230,"column":24}},"141":{"start":{"line":234,"column":2},"end":{"line":234,"column":18}},"142":{"start":{"line":235,"column":2},"end":{"line":235,"column":18}},"143":{"start":{"line":237,"column":2},"end":{"line":241,"column":5}},"144":{"start":{"line":238,"column":4},"end":{"line":238,"column":25}},"145":{"start":{"line":239,"column":4},"end":{"line":239,"column":19}},"146":{"start":{"line":240,"column":4},"end":{"line":240,"column":19}},"147":{"start":{"line":243,"column":2},"end":{"line":251,"column":5}},"148":{"start":{"line":244,"column":4},"end":{"line":244,"column":25}},"149":{"start":{"line":245,"column":4},"end":{"line":248,"column":7}},"150":{"start":{"line":246,"column":6},"end":{"line":246,"column":18}},"151":{"start":{"line":247,"column":6},"end":{"line":247,"column":18}},"152":{"start":{"line":249,"column":4},"end":{"line":249,"column":45}},"153":{"start":{"line":249,"column":28},"end":{"line":249,"column":43}},"154":{"start":{"line":250,"column":4},"end":{"line":250,"column":45}},"155":{"start":{"line":250,"column":28},"end":{"line":250,"column":43}},"156":{"start":{"line":253,"column":2},"end":{"line":253,"column":43}},"157":{"start":{"line":254,"column":2},"end":{"line":254,"column":44}},"158":{"start":{"line":257,"column":0},"end":{"line":274,"column":1}},"159":{"start":{"line":258,"column":2},"end":{"line":273,"column":5}},"160":{"start":{"line":259,"column":4},"end":{"line":262,"column":15}},"161":{"start":{"line":263,"column":4},"end":{"line":270,"column":5}},"162":{"start":{"line":264,"column":6},"end":{"line":264,"column":23}},"163":{"start":{"line":265,"column":6},"end":{"line":265,"column":17}},"164":{"start":{"line":266,"column":6},"end":{"line":266,"column":17}},"165":{"start":{"line":268,"column":6},"end":{"line":268,"column":26}},"166":{"start":{"line":269,"column":6},"end":{"line":269,"column":47}},"167":{"start":{"line":271,"column":4},"end":{"line":271,"column":55}},"168":{"start":{"line":272,"column":4},"end":{"line":272,"column":52}},"169":{"start":{"line":276,"column":0},"end":{"line":289,"column":1}},"170":{"start":{"line":277,"column":2},"end":{"line":288,"column":5}},"171":{"start":{"line":278,"column":4},"end":{"line":278,"column":25}},"172":{"start":{"line":279,"column":4},"end":{"line":287,"column":5}},"173":{"start":{"line":280,"column":6},"end":{"line":282,"column":7}},"174":{"start":{"line":281,"column":8},"end":{"line":281,"column":39}},"175":{"start":{"line":283,"column":6},"end":{"line":286,"column":7}},"176":{"start":{"line":284,"column":18},"end":{"line":284,"column":62}},"177":{"start":{"line":284,"column":63},"end":{"line":284,"column":69}},"178":{"start":{"line":285,"column":18},"end":{"line":285,"column":62}},"179":{"start":{"line":285,"column":63},"end":{"line":285,"column":69}},"180":{"start":{"line":291,"column":0},"end":{"line":298,"column":1}},"181":{"start":{"line":292,"column":2},"end":{"line":297,"column":5}},"182":{"start":{"line":293,"column":4},"end":{"line":293,"column":25}},"183":{"start":{"line":294,"column":4},"end":{"line":296,"column":5}},"184":{"start":{"line":295,"column":6},"end":{"line":295,"column":28}},"185":{"start":{"line":300,"column":0},"end":{"line":321,"column":1}},"186":{"start":{"line":301,"column":2},"end":{"line":314,"column":5}},"187":{"start":{"line":302,"column":4},"end":{"line":313,"column":5}},"188":{"start":{"line":303,"column":6},"end":{"line":307,"column":47}},"189":{"start":{"line":309,"column":6},"end":{"line":309,"column":39}},"190":{"start":{"line":310,"column":6},"end":{"line":310,"column":40}},"191":{"start":{"line":311,"column":6},"end":{"line":311,"column":36}},"192":{"start":{"line":312,"column":6},"end":{"line":312,"column":37}},"193":{"start":{"line":316,"column":2},"end":{"line":320,"column":5}},"194":{"start":{"line":317,"column":4},"end":{"line":319,"column":5}},"195":{"start":{"line":318,"column":6},"end":{"line":318,"column":22}},"196":{"start":{"line":323,"column":0},"end":{"line":334,"column":1}},"197":{"start":{"line":324,"column":2},"end":{"line":333,"column":5}},"198":{"start":{"line":325,"column":4},"end":{"line":332,"column":5}},"199":{"start":{"line":326,"column":6},"end":{"line":326,"column":29}},"200":{"start":{"line":327,"column":6},"end":{"line":329,"column":7}},"201":{"start":{"line":328,"column":8},"end":{"line":328,"column":28}},"202":{"start":{"line":330,"column":6},"end":{"line":330,"column":54}},"203":{"start":{"line":331,"column":6},"end":{"line":331,"column":22}},"204":{"start":{"line":336,"column":0},"end":{"line":356,"column":1}},"205":{"start":{"line":337,"column":2},"end":{"line":337,"column":40}},"206":{"start":{"line":338,"column":2},"end":{"line":355,"column":5}},"207":{"start":{"line":339,"column":4},"end":{"line":339,"column":23}},"208":{"start":{"line":340,"column":4},"end":{"line":354,"column":7}},"209":{"start":{"line":341,"column":6},"end":{"line":341,"column":27}},"210":{"start":{"line":342,"column":6},"end":{"line":342,"column":34}},"211":{"start":{"line":343,"column":6},"end":{"line":352,"column":9}},"212":{"start":{"line":344,"column":8},"end":{"line":351,"column":18}},"213":{"start":{"line":353,"column":6},"end":{"line":353,"column":28}},"214":{"start":{"line":358,"column":0},"end":{"line":380,"column":1}},"215":{"start":{"line":359,"column":2},"end":{"line":379,"column":5}},"216":{"start":{"line":360,"column":4},"end":{"line":360,"column":25}},"217":{"start":{"line":361,"column":4},"end":{"line":378,"column":5}},"218":{"start":{"line":362,"column":6},"end":{"line":366,"column":35}},"219":{"start":{"line":367,"column":6},"end":{"line":367,"column":36}},"220":{"start":{"line":368,"column":6},"end":{"line":368,"column":22}},"221":{"start":{"line":369,"column":6},"end":{"line":375,"column":8}},"222":{"start":{"line":376,"column":6},"end":{"line":376,"column":28}},"223":{"start":{"line":377,"column":6},"end":{"line":377,"column":28}},"224":{"start":{"line":382,"column":0},"end":{"line":384,"column":1}},"225":{"start":{"line":383,"column":2},"end":{"line":383,"column":49}},"226":{"start":{"line":386,"column":0},"end":{"line":392,"column":1}},"227":{"start":{"line":387,"column":2},"end":{"line":387,"column":20}},"228":
[...]
yerLength;","","      if (w || v === lastNode) {","        _.each(layer.slice(scanPos, i +1), function(scanNode) {","          _.each(g.predecessors(scanNode), function(u) {","            var uLabel = g.node(u),","                uPos = uLabel.order;","            if ((uPos < k0 || k1 < uPos) &&","                !(uLabel.dummy && g.node(scanNode).dummy)) {","              addConflict(conflicts, u, scanNode);","            }","          });","        });","        scanPos = i + 1;","        k0 = k1;","      }","    });","","    return layer;","  }","","  _.reduce(layering, visitLayer);","  return conflicts;","}","","function findType2Conflicts(g, layering) {","  var conflicts = {};","","  function scan(south, southPos, southEnd, prevNorthBorder, nextNorthBorder) {","    var v;","    _.each(_.range(southPos, southEnd), function(i) {","      v = south[i];","      if (g.node(v).dummy) {","        _.each(g.predecessors(v), function(u) {","          var uNode = g.node(u);","          if (uNode.dummy &&","              (uNode.order < prevNorthBorder || uNode.order > nextNorthBorder)) {","            addConflict(conflicts, u, v);","          }","        });","      }","    });","  }","","","  function visitLayer(north, south) {","    var prevNorthPos = -1,","        nextNorthPos,","        southPos = 0;","","    _.each(south, function(v, southLookahead) {","      if (g.node(v).dummy === \"border\") {","        var predecessors = g.predecessors(v);","        if (predecessors.length) {","          nextNorthPos = g.node(predecessors[0]).order;","          scan(south, southPos, southLookahead, prevNorthPos, nextNorthPos);","          southPos = southLookahead;","          prevNorthPos = nextNorthPos;","        }","      }","      scan(south, southPos, south.length, nextNorthPos, north.length);","    });","","    return south;","  }","","  _.reduce(layering, visitLayer);","  return conflicts;","}","","function findOtherInnerSegmentNode(g, v) {","  if (g.node(v).dummy) {","    return _.find(g.predecessors(v), function(u) {","      return g.node(u).dummy;","    });","  }","}","","function addConflict(conflicts, v, w) {","  if (v > w) {","    var tmp = v;","    v = w;","    w = tmp;","  }","","  var conflictsV = conflicts[v];","  if (!conflictsV) {","    conflicts[v] = conflictsV = {};","  }","  conflictsV[w] = true;","}","","function hasConflict(conflicts, v, w) {","  if (v > w) {","    var tmp = v;","    v = w;","    w = tmp;","  }","  return _.has(conflicts[v], w);","}","","/*"," * Try to align nodes into vertical \"blocks\" where possible. This algorithm"," * attempts to align a node with one of its median neighbors. If the edge"," * connecting a neighbor is a type-1 conflict then we ignore that possibility."," * If a previous node has already formed a block with a node after the node"," * we're trying to form a block with, we also ignore that possibility - our"," * blocks would be split in that scenario."," */","function verticalAlignment(g, layering, conflicts, neighborFn) {","  var root = {},","      align = {},","      pos = {};","","  // We cache the position here based on the layering because the graph and","  // layering may be out of sync. The layering matrix is manipulated to","  // generate different extreme alignments.","  _.each(layering, function(layer) {","    _.each(layer, function(v, order) {","      root[v] = v;","      align[v] = v;","      pos[v] = order;","    });","  });","","  _.each(layering, function(layer) {","    var prevIdx = -1;","    _.each(layer, function(v) {","      var ws = neighborFn(v);","      if (ws.length) {","        ws = _.sortBy(ws, function(w) { return pos[w]; });","        var mp = (ws.length - 1) / 2;","        for (var i = Math.floor(mp), il = Math.ceil(mp); i <= il; ++i) {","          var w = ws[i];","          if (align[v] === v &&","              prevIdx < pos[w] &&","              !hasConflict(conflicts, v, w)) {","            align[w] = v;","            align[v] = root[v] = root[w];","            prevIdx = pos[w];","          }","        }","      }","    });","  });","","  return { root: root, align: align };","}","","function horizontalCompaction(g, layering, root, align, reverseSep) {","  // This portion of the algorithm differs from BK due to a number of problems.","  // Instead of their algorithm we construct a new block graph and do two","  // sweeps. The first sweep places blocks with the smallest possible","  // coordinates. The second sweep removes unused space by moving blocks to the","  // greatest coordinates without violating separation.","  var xs = {},","      blockG = buildBlockGraph(g, layering, root, reverseSep);","","  // First pass, assign smallest coordinates via DFS","  var visited = {};","  function pass1(v) {","    if (!_.has(visited, v)) {","      visited[v] = true;","      xs[v] = _.reduce(blockG.inEdges(v), function(max, e) {","        pass1(e.v);","        return Math.max(max, xs[e.v] + blockG.edge(e));","      }, 0);","    }","  }","  _.each(blockG.nodes(), pass1);","","  var borderType = reverseSep ? \"borderLeft\" : \"borderRight\";","  function pass2(v) {","    if (visited[v] !== 2) {","      visited[v]++;","      var node = g.node(v);","      var min = _.reduce(blockG.outEdges(v), function(min, e) {","        pass2(e.w);","        return Math.min(min, xs[e.w] - blockG.edge(e));","      }, Number.POSITIVE_INFINITY);","      if (min !== Number.POSITIVE_INFINITY && node.borderType !== borderType) {","        xs[v] = Math.max(xs[v], min);","      }","    }","  }","  _.each(blockG.nodes(), pass2);","","  // Assign x coordinates to all nodes","  _.each(align, function(v) {","    xs[v] = xs[root[v]];","  });","","  return xs;","}","","","function buildBlockGraph(g, layering, root, reverseSep) {","  var blockGraph = new Graph(),","      graphLabel = g.graph(),","      sepFn = sep(graphLabel.nodesep, graphLabel.edgesep, reverseSep);","","  _.each(layering, function(layer) {","    var u;","    _.each(layer, function(v) {","      var vRoot = root[v];","      blockGraph.setNode(vRoot);","      if (u) {","        var uRoot = root[u],","            prevMax = blockGraph.edge(uRoot, vRoot);","        blockGraph.setEdge(uRoot, vRoot, Math.max(sepFn(g, v, u), prevMax || 0));","      }","      u = v;","    });","  });","","  return blockGraph;","}","","/*"," * Returns the alignment that has the smallest width of the given alignments."," */","function findSmallestWidthAlignment(g, xss) {","  return _.min(xss, function(xs) {","    var min = _.min(xs, function(x, v) { return x - width(g, v) / 2; }),","        max = _.max(xs, function(x, v) { return x + width(g, v) / 2; });","    return max - min;","  });","}","","/*"," * Align the coordinates of each of the layout alignments such that"," * left-biased alignments have their minimum coordinate at the same point as"," * the minimum coordinate of the smallest width alignment and right-biased"," * alignments have their maximum coordinate at the same point as the maximum"," * coordinate of the smallest width alignment."," */","function alignCoordinates(xss, alignTo) {","  var alignToMin = _.min(alignTo),","      alignToMax = _.max(alignTo);","","  _.each([\"u\", \"d\"], function(vert) {","    _.each([\"l\", \"r\"], function(horiz) {","      var alignment = vert + horiz,","          xs = xss[alignment],","          delta;","      if (xs === alignTo) return;","","      delta = horiz === \"l\" ? alignToMin - _.min(xs) : alignToMax - _.max(xs);","","      if (delta) {","        xss[alignment] = _.mapValues(xs, function(x) { return x + delta; });","      }","    });","  });","}","","function balance(xss, align) {","  return _.mapValues(xss.ul, function(ignore, v) {","    if (align) {","      return xss[align.toLowerCase()][v];","    } else {","      var xs = _.sortBy(_.pluck(xss, v));","      return (xs[1] + xs[2]) / 2;","    }","  });","}","","function positionX(g) {","  var layering = util.buildLayerMatrix(g),","      conflicts = _.merge(findType1Conflicts(g, layering),","                          findType2Conflicts(g, layering));","","  var xss = {},","      adjustedLayering;","  _.each([\"u\", \"d\"], function(vert) {","    adjustedLayering = vert === \"u\" ? layering : _.values(layering).reverse();","    _.each([\"l\", \"r\"], function(horiz) {","      if (horiz === \"r\") {","        adjustedLayering = _.map(adjustedLayering, function(inner) {","          return _.values(inner).reverse();","        });","      }","","      var neighborFn = _.bind(vert === \"u\" ? g.predecessors : g.successors, g);","      var align = verticalAlignment(g, adjustedLayering, conflicts, neighborFn);","      var xs = horizontalCompaction(g, adjustedLayering,","                                    align.root, align.align,","                                    horiz === \"r\");","      if (horiz === \"r\") {","        xs = _.mapValues(xs, function(x) { return -x; });","      }","      xss[vert + horiz] = xs;","    });","  });","","  var smallestWidth = findSmallestWidthAlignment(g, xss);","  alignCoordinates(xss, smallestWidth);","  return balance(xss, g.graph().align);","}","","function sep(nodeSep, edgeSep, reverseSep) {","  return function(g, v, w) {","    var vLabel = g.node(v),","        wLabel = g.node(w),","        sum = 0,","        delta;","","    sum += vLabel.width / 2;","    if (_.has(vLabel, \"labelpos\")) {","      switch (vLabel.labelpos.toLowerCase()) {","        case \"l\": delta = -vLabel.width / 2; break;","        case \"r\": delta = vLabel.width / 2; break;","      }","    }","    if (delta) {","      sum += reverseSep ? delta : -delta;","    }","    delta = 0;","","    sum += (vLabel.dummy ? edgeSep : nodeSep) / 2;","    sum += (wLabel.dummy ? edgeSep : nodeSep) / 2;","","    sum += wLabel.width / 2;","    if (_.has(wLabel, \"labelpos\")) {","      switch (wLabel.labelpos.toLowerCase()) {","        case \"l\": delta = wLabel.width / 2; break;","        case \"r\": delta = -wLabel.width / 2; break;","      }","    }","    if (delta) {","      sum += reverseSep ? delta : -delta;","    }","    delta = 0;","","    return sum;","  };","}","","function width(g, v) {","  return g.node(v).width;","}",""],"l":{"3":1,"12":1,"42":1,"43":0,"45":1,"46":0,"56":0,"57":0,"60":0,"61":0,"62":0,"63":0,"65":0,"67":0,"71":0,"72":0,"76":0,"79":0,"80":0,"83":1,"84":0,"86":1,"87":0,"88":0,"89":0,"90":0,"91":0,"92":0,"93":0,"95":0,"103":1,"104":0,"108":0,"109":0,"110":0,"111":0,"112":0,"113":0,"114":0,"115":0,"118":0,"121":0,"124":0,"125":0,"128":1,"129":0,"130":0,"131":0,"136":1,"137":0,"138":0,"139":0,"140":0,"143":0,"144":0,"145":0,"147":0,"150":1,"151":0,"152":0,"153":0,"154":0,"156":0,"167":1,"168":0,"175":0,"176":0,"177":0,"178":0,"179":0,"183":0,"184":0,"185":0,"186":0,"187":0,"188":0,"189":0,"190":0,"191":0,"192":0,"195":0,"196":0,"197":0,"204":0,"207":1,"213":0,"217":0,"218":1,"219":0,"220":0,"221":0,"222":0,"223":0,"227":0,"229":0,"230":1,"231":0,"232":0,"233":0,"234":0,"235":0,"236":0,"238":0,"239":0,"243":0,"246":0,"247":0,"250":0,"254":1,"255":0,"259":0,"260":0,"261":0,"262":0,"263":0,"264":0,"265":0,"267":0,"269":0,"273":0,"279":1,"280":0,"281":0,"282":0,"283":0,"294":1,"295":0,"298":0,"299":0,"300":0,"303":0,"305":0,"307":0,"308":0,"314":1,"315":0,"316":0,"317":0,"319":0,"320":0,"325":1,"326":0,"330":0,"332":0,"333":0,"334":0,"335":0,"336":0,"337":0,"341":0,"342":0,"343":0,"346":0,"347":0,"349":0,"353":0,"354":0,"355":0,"358":1,"359":0,"360":0,"365":0,"366":0,"367":0,"368":0,"369":0,"372":0,"373":0,"375":0,"377":0,"378":0,"380":0,"381":0,"382":0,"383":0,"384":0,"387":0,"388":0,"390":0,"392":0,"396":1,"397":0}},"/home/travis/build/npmtest/node-npmtest-dagre/node_modules/dagre/lib/debug.js":{"path":"/home/travis/build/npmtest/node-npmtest-dagre/node_modules/dagre/lib/debug.js","s":{"1":1,"2":1,"3":1,"4":0,"5":0,"6":0,"7":0,"8":0,"9":0,"10":0,"11":0,"12":0,"13":0,"14":0,"15":0,"16":0,"17":0},"b":{},"f":{"1":0,"2":0,"3":0,"4":0,"5":0},"fnMap":{"1":{"name":"debugOrdering","line":10,"loc":{"start":{"line":10,"column":0},"end":{"line":10,"column":26}},"skip":true},"2":{"name":"(anonymous_2)","line":15,"loc":{"start":{"line":15,"column":20},"end":{"line":15,"column":32}},"skip":true},"3":{"name":"(anonymous_3)","line":20,"loc":{"start":{"line":20,"column":20},"end":{"line":20,"column":32}},"skip":true},"4":{"name":"(anonymous_4)","line":24,"loc":{"start":{"line":24,"column":22},"end":{"line":24,"column":41}},"skip":true},"5":{"name":"(anonymous_5)","line":27,"loc":{"start":{"line":27,"column":20},"end":{"line":27,"column":35}},"skip":true}},"statementMap":{"1":{"start":{"line":1,"column":0},"end":{"line":3,"column":40}},"2":{"start":{"line":5,"column":0},"end":{"line":7,"column":2}},"3":{"start":{"line":10,"column":0},"end":{"line":34,"column":1},"skip":true},"4":{"start":{"line":11,"column":2},"end":{"line":11,"column":45},"skip":true},"5":{"start":{"line":13,"column":2},"end":{"line":13,"column":71},"skip":true},"6":{"start":{"line":15,"column":2},"end":{"line":18,"column":5},"skip":true},"7":{"start":{"line":16,"column":4},"end":{"line":16,"column":31},"skip":true},"8":{"start":{"line":17,"column":4},"end":{"line":17,"column":45},"skip":true},"9":{"start":{"line":20,"column":2},"end":{"line":22,"column":5},"skip":true},"10":{"start":{"line":21,"column":4},"end":{"line":21,"column":36},"skip":true},"11":{"start":{"line":24,"column":2},"end":{"line":31,"column":5},"skip":true},"12":{"start":{"line":25,"column":4},"end":{"line":25,"column":29},"skip":true},"13":{"start":{"line":26,"column":4},"end":{"line":26,"column":40},"skip":true},"14":{"start":{"line":27,"column":4},"end":{"line":30,"column":7},"skip":true},"15":{"start":{"line":28,"column":6},"end":{"line":28,"column":42},"skip":true},"16":{"start":{"line":29,"column":6},"end":{"line":29,"column":15},"skip":true},"17":{"start":{"line":33,"column":2},"end":{"line":33,"column":11},"skip":true}},"branchMap":{},"code":["var _ = require(\"./lodash\"),","    util = require(\"./util\"),","    Graph = require(\"./graphlib\").Graph;","","module.exports = {","  debugOrdering: debugOrdering","};","","/* istanbul ignore next */","function debugOrdering(g) {","  var layerMatrix = util.buildLayerMatrix(g);","","  var h = new Graph({ compound: true, multigraph: true }).setGraph({});","","  _.each(g.nodes(), function(v) {","    h.setNode(v, { label: v });","    h.setParent(v, \"layer\" + g.node(v).rank);","  });","","  _.each(g.edges(), function(e) {","    h.setEdge(e.v, e.w, {}, e.name);","  });","","  _.each(layerMatrix, function(layer, i) {","    var layerV = \"layer\" + i;","    h.setNode(layerV, { rank: \"same\" });","    _.reduce(layer, function(u, v) {","      h.setEdge(u, v, { style: \"invis\" });","      return v;","    });","  });","","  return h;","}",""],"l":{"1":1,"5":1,"10":1,"11":1,"13":1,"15":1,"16":1,"17":1,"20":1,"21":1,"24":1,"25":1,"26":1,"27":1,"28":1,"29":1,"33":1}},"/home/travis/build/npmtest/node-npmtest-dagre/node_modules/dagre/lib/version.js":{"path":"/home/travis/build/npmtest/node-npmtest-dagre/node_modules/dagre/lib/version.js","s":{"1":1},"b":{},"f":{},"fnMap":{},"statementMap":{"1":{"start":{"line":1,"column":0},"end":{"line":1,"column":25}}},"branchMap":{},"code":["module.exports = \"0.7.4\";",""],"l":{"1":1}},"/home/travis/build/npmtest/node-npmtest-dagre/node_modules/dagre/karma.conf.js":{"path":"/home/travis/build/npmtest/node-npmtest-dagre/node_modules/dagre/karma.conf.js","s":{"1":1,"2":0},"b":{},"f":{"1":0},"fnMap":{"1":{"name":"(anonymous_1)","line":4,"loc":{"start":{"line":4,"column":17},"end":{"line":4,"column":34}}}},"statementMap":{"1":{"start":{"line":4,"column":0},"end":{"line":68,"column":2}},"2":{"start":{"line":5,"column":2},"end":{"line":67,"column":5}}},"branchMap":{},"code":["// Karma configuration","// Generated on Sat Oct 18 2014 17:38:05 GMT-0700 (PDT)","","module.exports = function(config) {","  config.set({","","    // base path that will be used to resolve all patterns (eg. files, exclude)","    basePath: '',","","","    // frameworks to use","    // available frameworks: https://npmjs.org/browse/keyword/karma-adapter","    frameworks: ['mocha'],","","","    // list of files / patterns to load in the browser","    files: [","      'build/dagre.js',","","      'node_modules/chai/chai.js',","      'test/bundle-test.js'","    ],","","","    // list of files to exclude","    exclude: [","    ],","","","    // preprocess matching files before serving them to the browser","    // available preprocessors: https://npmjs.org/browse/keyword/karma-preprocessor","    preprocessors: {","    },","","","    // test results reporter to use","    // possible values: 'dots', 'progress'","    // available reporters: https://npmjs.org/browse/keyword/karma-reporter","    reporters: ['progress'],","","","    // web server port","    port: 9876,","","","    // enable / disable colors in the output (reporters and logs)","    colors: true,","","","    // level of logging","    // possible values: config.LOG_DISABLE || config.LOG_ERROR || config.LOG_WARN || config.LOG_INFO || config.LOG_DEBUG","    logLevel: config.LOG_INFO,","","","    // enable / disable watching file and executing tests whenever any file changes","    autoWatch: true,","","","    // start these browsers","    // available browser launchers: https://npmjs.org/browse/keyword/karma-launcher","    browsers: ['Chrome', 'Firefox', 'PhantomJS', 'Safari'],","","","    // Continuous Integration mode","    // if true, Karma captures browsers, runs the tests and exits","    singleRun: false","  });","};",""],"l":{"4":1,"5":0}},"/home/travis/build/npmtest/node-npmtest-dagre/node_modules/dagre/karma.core.conf.js":{"path":"/home/travis/build/npmtest/node-npmtest-dagre/node_modules/dagre/karma.core.conf.js","s":{"1":1,"2":0},"b":{},"f":{"1":0},"fnMap":{"1":{"name":"(anonymous_1)","line":4,"loc":{"start":{"line":4,"column":17},"end":{"line":4,"column":34}}}},"statementMap":{"1":{"start":{"line":4,"column":0},"end":{"line":70,"column":2}},"2":{"start":{"line":5,"column":2},"end":{"line":69,"column":5}}},"branchMap":{},"code":["// Karma configuration","// Generated on Sat Oct 18 2014 17:38:05 GMT-0700 (PDT)","","module.exports = function(config) {","  config.set({","","    // base path that will be used to resolve all patterns (eg. files, exclude)","    basePath: '',","","","    // frameworks to use","    // available frameworks: https://npmjs.org/browse/keyword/karma-adapter","    frameworks: ['mocha'],","","","    // list of files / patterns to load in the browser","    files: [","      'node_modules/lodash/index.js',","      'node_modules/graphlib/dist/graphlib.core.js',","      'build/dagre.core.js',","","      'node_modules/chai/chai.js',","      'test/bundle-test.js'","    ],","","","    // list of files to exclude","    exclude: [","    ],","","","    // preprocess matching files before serving them to the browser","    // available preprocessors: https://npmjs.org/browse/keyword/karma-preprocessor","    preprocessors: {","    },","","","    // test results reporter to use","    // possible values: 'dots', 'progress'","    // available reporters: https://npmjs.org/browse/keyword/karma-reporter","    reporters: ['progress'],","","","    // web server port","    port: 9876,","","","    // enable / disable colors in the output (reporters and logs)","    colors: true,","","","    // level of logging","    // possible values: config.LOG_DISABLE || config.LOG_ERROR || config.LOG_WARN || config.LOG_INFO || config.LOG_DEBUG","    logLevel: config.LOG_INFO,","","","    // enable / disable watching file and executing tests whenever any file changes","    autoWatch: true,","","","    // start these browsers","    // available browser launchers: https://npmjs.org/browse/keyword/karma-launcher","    browsers: ['Chrome', 'Firefox', 'PhantomJS', 'Safari'],","","","    // Continuous Integration mode","    // if true, Karma captures browsers, runs the tests and exits","    singleRun: false","  });","};",""],"l":{"4":1,"5":0}}}